DIURNA(-23.26)	0.000000	0.000000	DIURNEZOD
DIURNA(-23.26)	0.000000	0.000000	DIURNEZOD
DIURNA(-23.26)	0.000000	0.000000	DIURNEZOD
DIURNA(-23.26)	0.000000	0.000000	DIURNEZOD
DIURNA(-23.26)	0.000000	0.000000	DIURNEZOD
DIURNA(-23.26)	0.000000	0.000000	DIURNEZOD
DIURNA(-23.26)	0.000000	0.000000	DIURNEZOD
DIURNA(-23.26)	0.000000	0.000000	DIURNEZOD
DIURNA(-23.26)	0.000000	0.000000	DIURNEZOD
DIURNA(-23.26)	0.000000	0.000000	DIURNEZOD
DIURNA(-23.26)	0.000000	0.000000	DIURNEZOD
DIURNA(-23.26)	0.000000	0.000000	DIURNEZOD
DIURNA(-23.26)	0.000000	0.000000	DIURNEZOD
DIURNA(-23.26)	0.000000	0.000000	DIURNEZOD
DIURNA(-23.26)	0.000000	0.000000	DIURNEZOD
DIURNA(-23.26)	0.000000	0.000000	DIURNEZOD
DIURNA(-23.26)	0.000000	0.000000	DIURNEZOD
DIURNA(-23.26)		4.660690		4.074865		-19.779368		DIURNEZOD
DIURNA(-23.26)		4.723032		3.826670		-19.018928		DIURNEZOD
DIURNA(-23.26)		4.750113		3.571947		-18.241210		DIURNEZOD
DIURNA(-23.26)		4.741250		3.312650		-17.449770		DIURNEZOD
DIURNA(-23.26)		4.696099		3.050795		-16.648165		DIURNEZOD
DIURNA(-23.26)		4.614660		2.788429		-15.839923		DIURNEZOD
DIURNA(-23.26)		4.497269		2.527603		-15.028527		DIURNEZOD
DIURNA(-23.26)		4.344597		2.270340		-14.217386		DIURNEZOD
DIURNA(-23.26)		4.157631		2.018611		-13.409821		DIURNEZOD
DIURNA(-23.26)		3.937664		1.774312		-12.609039		DIURNEZOD
DIURNA(-23.26)		3.686275		1.539244		-11.818119		DIURNEZOD
DIURNA(-23.26)		3.405306		1.315091		-11.039992		DIURNEZOD
DIURNA(-23.26)		3.096844		1.103404		-10.277425		DIURNEZOD
DIURNA(-23.26)		2.763194		0.905590		-9.533009		DIURNEZOD
DIURNA(-23.26)		2.406850		0.722895		-8.809141		DIURNEZOD
DIURNA(-23.26)		2.030474		0.556398		-8.108020		DIURNEZOD
DIURNA(-23.26)		1.636864		0.407005		-7.431632		DIURNEZOD
DIURNA(-23.26)		1.228930		0.275437		-6.781744		DIURNEZOD
DIURNA(-23.26)		0.809660		0.162233		-6.159901		DIURNEZOD
DIURNA(-23.26)		0.382099		0.067748		-5.567420		DIURNEZOD
DIURNA(-23.26)		-0.050686		-0.007849		-5.005386		DIURNEZOD
DIURNA(-23.26)		-0.485625		-0.064572		-4.474659		DIURNEZOD
DIURNA(-23.26)		-0.919677		-0.102610		-3.975867		DIURNEZOD
DIURNA(-23.26)		-1.349854		-0.122327		-3.509417		DIURNEZOD
DIURNA(-23.26)		-1.773242		-0.124251		-3.075495		DIURNEZOD
DIURNA(-23.26)		-2.187024		-0.109065		-2.674078		DIURNEZOD
DIURNA(-23.26)		-2.588502		-0.077602		-2.304935		DIURNEZOD
DIURNA(-23.26)		-2.975116		-0.030826		-1.967644		DIURNEZOD
DIURNA(-23.26)		-3.344454		-0.078075		-1.661601		DIURNEZOD
DIURNA(-23.26)		-3.694275		-0.234094		-1.386028		DIURNEZOD
DIURNA(-23.26)		-4.022514		-0.375996		-1.139991		DIURNEZOD
DIURNA(-23.26)		-4.327294		-0.505303		-0.922412		DIURNEZOD
DIURNA(-23.26)		-4.606932		-0.623607		-0.732085		DIURNEZOD
DIURNA(-23.26)		-4.859944		-0.732551		-0.567687		DIURNEZOD
DIURNA(-23.26)		-5.085042		-0.833824		-0.427800		DIURNEZOD
DIURNA(-23.26)		-5.281137		-0.929145		-0.310920		DIURNEZOD
DIURNA(-23.26)		-5.447330		-1.020254		-0.215479		DIURNEZOD
DIURNA(-23.26)		-5.582906		-1.108901		-0.139857		DIURNEZOD
DIURNA(-23.26)		-5.687319		-1.196844		-0.082398		DIURNEZOD
DIURNA(-23.26)		-5.760178		-1.285836		-0.041425		DIURNEZOD
DIURNA(-23.26)		-5.801223		-1.377631		-0.015257		DIURNEZOD
DIURNA(-23.26)		-5.810306		-1.473979		-0.002219		DIURNEZOD
DIURNA(-23.26)		-5.787350		-1.576636		-0.000657		DIURNEZOD
DIURNA(-23.26)		-5.732320		-1.687373		-0.008949		DIURNEZOD
DIURNA(-23.26)		-5.645170		-1.807995		-0.025517		DIURNEZOD
DIURNA(-23.26)		-5.525787		-1.940370		-0.048834		DIURNEZOD
DIURNA(-23.26)		-5.373918		-2.086467		-0.077430		DIURNEZOD
DIURNA(-23.26)		-5.189082		-2.248415		-0.109899		DIURNEZOD
DIURNA(-23.26)		-4.970450		-2.428582		-0.144902		DIURNEZOD
* 0 0 DIURNEZOD
DIURNA(-23.26)	0.000000	0.000000	DIURNEZOD
DIURNA(-23.26)	0.000000	0.000000	DIURNEZOD
DIURNA(-23.26)	0.000000	0.000000	DIURNEZOD
DIURNA(-23.26)	0.000000	0.000000	DIURNEZOD
DIURNA(-23.26)	0.000000	0.000000	DIURNEZOD
DIURNA(-23.26)	0.000000	0.000000	DIURNEZOD
DIURNA(-23.26)	0.000000	0.000000	DIURNEZOD
DIURNA(-23.26)	0.000000	0.000000	DIURNEZOD
DIURNA(-23.26)	0.000000	0.000000	DIURNEZOD
DIURNA(-23.26)	0.000000	0.000000	DIURNEZOD
DIURNA(-23.26)	0.000000	0.000000	DIURNEZOD
DIURNA(-23.26)	0.000000	0.000000	DIURNEZOD
DIURNA(-23.26)	0.000000	0.000000	DIURNEZOD
DIURNA(-23.26)	0.000000	0.000000	DIURNEZOD
DIURNA(-23.26)	0.000000	0.000000	DIURNEZOD
DIURNA(-23.26)	0.000000	0.000000	DIURNEZOD
DIURNA(-23.26)	0.000000	0.000000	DIURNEZOD
DIURNA(-23.26)		-4.660690		4.074865		-19.779368		DIURNEZOD
DIURNA(-23.26)		-4.723032		3.826670		-19.018928		DIURNEZOD
DIURNA(-23.26)		-4.750113		3.571947		-18.241210		DIURNEZOD
DIURNA(-23.26)		-4.741250		3.312650		-17.449770		DIURNEZOD
DIURNA(-23.26)		-4.696099		3.050795		-16.648165		DIURNEZOD
DIURNA(-23.26)		-4.614660		2.788429		-15.839923		DIURNEZOD
DIURNA(-23.26)		-4.497269		2.527603		-15.028527		DIURNEZOD
DIURNA(-23.26)		-4.344597		2.270340		-14.217386		DIURNEZOD
DIURNA(-23.26)		-4.157631		2.018611		-13.409821		DIURNEZOD
DIURNA(-23.26)		-3.937664		1.774312		-12.609039		DIURNEZOD
DIURNA(-23.26)		-3.686275		1.539244		-11.818119		DIURNEZOD
DIURNA(-23.26)		-3.405306		1.315091		-11.039992		DIURNEZOD
DIURNA(-23.26)		-3.096844		1.103404		-10.277425		DIURNEZOD
DIURNA(-23.26)		-2.763194		0.905590		-9.533009		DIURNEZOD
DIURNA(-23.26)		-2.406850		0.722895		-8.809141		DIURNEZOD
DIURNA(-23.26)		-2.030474		0.556398		-8.108020		DIURNEZOD
DIURNA(-23.26)		-1.636864		0.407005		-7.431632		DIURNEZOD
DIURNA(-23.26)		-1.228930		0.275437		-6.781744		DIURNEZOD
DIURNA(-23.26)		-0.809660		0.162233		-6.159901		DIURNEZOD
DIURNA(-23.26)		-0.382099		0.067748		-5.567420		DIURNEZOD
DIURNA(-23.26)		0.050686		-0.007849		-5.005386		DIURNEZOD
DIURNA(-23.26)		0.485625		-0.064572		-4.474659		DIURNEZOD
DIURNA(-23.26)		0.919677		-0.102610		-3.975867		DIURNEZOD
DIURNA(-23.26)		1.349854		-0.122327		-3.509417		DIURNEZOD
DIURNA(-23.26)		1.773242		-0.124251		-3.075495		DIURNEZOD
DIURNA(-23.26)		2.187024		-0.109065		-2.674078		DIURNEZOD
DIURNA(-23.26)		2.588502		-0.077602		-2.304935		DIURNEZOD
DIURNA(-23.26)		2.975116		-0.030826		-1.967644		DIURNEZOD
DIURNA(-23.26)		3.344454		-0.078075		-1.661601		DIURNEZOD
DIURNA(-23.26)		3.694275		-0.234094		-1.386028		DIURNEZOD
DIURNA(-23.26)		4.022514		-0.375996		-1.139991		DIURNEZOD
DIURNA(-23.26)		4.327294		-0.505303		-0.922412		DIURNEZOD
DIURNA(-23.26)		4.606932		-0.623607		-0.732085		DIURNEZOD
DIURNA(-23.26)		4.859944		-0.732551		-0.567687		DIURNEZOD
DIURNA(-23.26)		5.085042		-0.833824		-0.427800		DIURNEZOD
DIURNA(-23.26)		5.281137		-0.929145		-0.310920		DIURNEZOD
DIURNA(-23.26)		5.447330		-1.020254		-0.215479		DIURNEZOD
DIURNA(-23.26)		5.582906		-1.108901		-0.139857		DIURNEZOD
DIURNA(-23.26)		5.687319		-1.196844		-0.082398		DIURNEZOD
DIURNA(-23.26)		5.760178		-1.285836		-0.041425		DIURNEZOD
DIURNA(-23.26)		5.801223		-1.377631		-0.015257		DIURNEZOD
DIURNA(-23.26)		5.810306		-1.473979		-0.002219		DIURNEZOD
DIURNA(-23.26)		5.787350		-1.576636		-0.000657		DIURNEZOD
DIURNA(-23.26)		5.732320		-1.687373		-0.008949		DIURNEZOD
DIURNA(-23.26)		5.645170		-1.807995		-0.025517		DIURNEZOD
DIURNA(-23.26)		5.525787		-1.940370		-0.048834		DIURNEZOD
DIURNA(-23.26)		5.373918		-2.086467		-0.077430		DIURNEZOD
DIURNA(-23.26)		5.189082		-2.248415		-0.109899		DIURNEZOD
DIURNA(-23.26)		4.970450		-2.428582		-0.144902		DIURNEZOD
* 0 0 DIURNEZOD
DIURNA(-20.00)	0.000000	0.000000	DIURNEZOD
DIURNA(-20.00)	0.000000	0.000000	DIURNEZOD
DIURNA(-20.00)	0.000000	0.000000	DIURNEZOD
DIURNA(-20.00)	0.000000	0.000000	DIURNEZOD
DIURNA(-20.00)	0.000000	0.000000	DIURNEZOD
DIURNA(-20.00)	0.000000	0.000000	DIURNEZOD
DIURNA(-20.00)	0.000000	0.000000	DIURNEZOD
DIURNA(-20.00)	0.000000	0.000000	DIURNEZOD
DIURNA(-20.00)	0.000000	0.000000	DIURNEZOD
DIURNA(-20.00)	0.000000	0.000000	DIURNEZOD
DIURNA(-20.00)	0.000000	0.000000	DIURNEZOD
DIURNA(-20.00)	0.000000	0.000000	DIURNEZOD
DIURNA(-20.00)		3.480154		5.169101		-20.094516		DIURNEZOD
DIURNA(-20.00)		3.652431		4.953966		-19.519991		DIURNEZOD
DIURNA(-20.00)		3.796584		4.725527		-18.914597		DIURNEZOD
DIURNA(-20.00)		3.910908		4.485160		-18.281459		DIURNEZOD
DIURNA(-20.00)		3.993924		4.234404		-17.623802		DIURNEZOD
DIURNA(-20.00)		4.044409		3.974938		-16.944938		DIURNEZOD
DIURNA(-20.00)		4.061421		3.708565		-16.248235		DIURNEZOD
DIURNA(-20.00)		4.044313		3.437179		-15.537096		DIURNEZOD
DIURNA(-20.00)		3.992745		3.162746		-14.814936		DIURNEZOD
DIURNA(-20.00)		3.906696		2.887272		-14.085159		DIURNEZOD
DIURNA(-20.00)		3.786457		2.612779		-13.351132		DIURNEZOD
DIURNA(-20.00)		3.632636		2.341279		-12.616166		DIURNEZOD
DIURNA(-20.00)		3.446149		2.074747		-11.883491		DIURNEZOD
DIURNA(-20.00)		3.228205		1.815098		-11.156239		DIURNEZOD
DIURNA(-20.00)		2.980297		1.564167		-10.437420		DIURNEZOD
DIURNA(-20.00)		2.704182		1.323686		-9.729908		DIURNEZOD
DIURNA(-20.00)		2.401862		1.095268		-9.036422		DIURNEZOD
DIURNA(-20.00)		2.075559		0.880387		-8.359510		DIURNEZOD
DIURNA(-20.00)		1.727698		0.680371		-7.701537		DIURNEZOD
DIURNA(-20.00)		1.360872		0.496384		-7.064671		DIURNEZOD
DIURNA(-20.00)		0.977824		0.329418		-6.450875		DIURNEZOD
DIURNA(-20.00)		0.581413		0.180289		-5.861896		DIURNEZOD
DIURNA(-20.00)		0.174591		0.049626		-5.299263		DIURNEZOD
DIURNA(-20.00)		-0.239628		-0.062126		-4.764278		DIURNEZOD
DIURNA(-20.00)		-0.658194		-0.154710		-4.258014		DIURNEZOD
DIURNA(-20.00)		-1.078051		-0.228057		-3.781318		DIURNEZOD
DIURNA(-20.00)		-1.496160		-0.282282		-3.334808		DIURNEZOD
DIURNA(-20.00)		-1.909528		-0.317677		-2.918879		DIURNEZOD
DIURNA(-20.00)		-2.315232		-0.334708		-2.533706		DIURNEZOD
DIURNA(-20.00)		-2.710439		-0.334007		-2.179251		DIURNEZOD
DIURNA(-20.00)		-3.092429		-0.316362		-1.855273		DIURNEZOD
DIURNA(-20.00)		-3.458616		-0.282706		-1.561334		DIURNEZOD
DIURNA(-20.00)		-3.806563		-0.234106		-1.296814		DIURNEZOD
DIURNA(-20.00)		-4.133996		-0.171754		-1.060919		DIURNEZOD
DIURNA(-20.00)		-4.438817		-0.096948		-0.852700		DIURNEZOD
DIURNA(-20.00)		-4.719114		-0.011089		-0.671059		DIURNEZOD
DIURNA(-20.00)		-4.973165		-0.119145		-0.514773		DIURNEZOD
DIURNA(-20.00)		-5.199444		-0.245344		-0.382503		DIURNEZOD
DIURNA(-20.00)		-5.396616		-0.363213		-0.272812		DIURNEZOD
DIURNA(-20.00)		-5.563538		-0.474516		-0.184182		DIURNEZOD
DIURNA(-20.00)		-5.699249		-0.581055		-0.115032		DIURNEZOD
DIURNA(-20.00)		-5.802953		-0.684653		-0.063727		DIURNEZOD
DIURNA(-20.00)		-5.874008		-0.787154		-0.028605		DIURNEZOD
DIURNA(-20.00)		-5.911899		-0.890416		-0.007982		DIURNEZOD
DIURNA(-20.00)		-5.916206		-0.996316		-0.000174		DIURNEZOD
DIURNA(-20.00)		-5.886570		-1.106751		-0.003507		DIURNEZOD
DIURNA(-20.00)		-5.822638		-1.223654		-0.016331		DIURNEZOD
DIURNA(-20.00)		-5.724008		-1.349014		-0.037031		DIURNEZOD
DIURNA(-20.00)		-5.590146		-1.484908		-0.064039		DIURNEZOD
DIURNA(-20.00)		-5.420285		-1.633549		-0.095837		DIURNEZOD
DIURNA(-20.00)		-5.213297		-1.797359		-0.130963		DIURNEZOD
DIURNA(-20.00)		-4.967514		-1.979063		-0.168013		DIURNEZOD
DIURNA(-20.00)		-4.680501		-2.181838		-0.205634		DIURNEZOD
DIURNA(-20.00)		-4.348738		-2.409509		-0.242510		DIURNEZOD
* 0 0 DIURNEZOD
DIURNA(-20.00)	0.000000	0.000000	DIURNEZOD
DIURNA(-20.00)	0.000000	0.000000	DIURNEZOD
DIURNA(-20.00)	0.000000	0.000000	DIURNEZOD
DIURNA(-20.00)	0.000000	0.000000	DIURNEZOD
DIURNA(-20.00)	0.000000	0.000000	DIURNEZOD
DIURNA(-20.00)	0.000000	0.000000	DIURNEZOD
DIURNA(-20.00)	0.000000	0.000000	DIURNEZOD
DIURNA(-20.00)	0.000000	0.000000	DIURNEZOD
DIURNA(-20.00)	0.000000	0.000000	DIURNEZOD
DIURNA(-20.00)	0.000000	0.000000	DIURNEZOD
DIURNA(-20.00)	0.000000	0.000000	DIURNEZOD
DIURNA(-20.00)	0.000000	0.000000	DIURNEZOD
DIURNA(-20.00)		-3.480154		5.169101		-20.094516		DIURNEZOD
DIURNA(-20.00)		-3.652431		4.953966		-19.519991		DIURNEZOD
DIURNA(-20.00)		-3.796584		4.725527		-18.914597		DIURNEZOD
DIURNA(-20.00)		-3.910908		4.485160		-18.281459		DIURNEZOD
DIURNA(-20.00)		-3.993924		4.234404		-17.623802		DIURNEZOD
DIURNA(-20.00)		-4.044409		3.974938		-16.944938		DIURNEZOD
DIURNA(-20.00)		-4.061421		3.708565		-16.248235		DIURNEZOD
DIURNA(-20.00)		-4.044313		3.437179		-15.537096		DIURNEZOD
DIURNA(-20.00)		-3.992745		3.162746		-14.814936		DIURNEZOD
DIURNA(-20.00)		-3.906696		2.887272		-14.085159		DIURNEZOD
DIURNA(-20.00)		-3.786457		2.612779		-13.351132		DIURNEZOD
DIURNA(-20.00)		-3.632636		2.341279		-12.616166		DIURNEZOD
DIURNA(-20.00)		-3.446149		2.074747		-11.883491		DIURNEZOD
DIURNA(-20.00)		-3.228205		1.815098		-11.156239		DIURNEZOD
DIURNA(-20.00)		-2.980297		1.564167		-10.437420		DIURNEZOD
DIURNA(-20.00)		-2.704182		1.323686		-9.729908		DIURNEZOD
DIURNA(-20.00)		-2.401862		1.095268		-9.036422		DIURNEZOD
DIURNA(-20.00)		-2.075559		0.880387		-8.359510		DIURNEZOD
DIURNA(-20.00)		-1.727698		0.680371		-7.701537		DIURNEZOD
DIURNA(-20.00)		-1.360872		0.496384		-7.064671		DIURNEZOD
DIURNA(-20.00)		-0.977824		0.329418		-6.450875		DIURNEZOD
DIURNA(-20.00)		-0.581413		0.180289		-5.861896		DIURNEZOD
DIURNA(-20.00)		-0.174591		0.049626		-5.299263		DIURNEZOD
DIURNA(-20.00)		0.239628		-0.062126		-4.764278		DIURNEZOD
DIURNA(-20.00)		0.658194		-0.154710		-4.258014		DIURNEZOD
DIURNA(-20.00)		1.078051		-0.228057		-3.781318		DIURNEZOD
DIURNA(-20.00)		1.496160		-0.282282		-3.334808		DIURNEZOD
DIURNA(-20.00)		1.909528		-0.317677		-2.918879		DIURNEZOD
DIURNA(-20.00)		2.315232		-0.334708		-2.533706		DIURNEZOD
DIURNA(-20.00)		2.710439		-0.334007		-2.179251		DIURNEZOD
DIURNA(-20.00)		3.092429		-0.316362		-1.855273		DIURNEZOD
DIURNA(-20.00)		3.458616		-0.282706		-1.561334		DIURNEZOD
DIURNA(-20.00)		3.806563		-0.234106		-1.296814		DIURNEZOD
DIURNA(-20.00)		4.133996		-0.171754		-1.060919		DIURNEZOD
DIURNA(-20.00)		4.438817		-0.096948		-0.852700		DIURNEZOD
DIURNA(-20.00)		4.719114		-0.011089		-0.671059		DIURNEZOD
DIURNA(-20.00)		4.973165		-0.119145		-0.514773		DIURNEZOD
DIURNA(-20.00)		5.199444		-0.245344		-0.382503		DIURNEZOD
DIURNA(-20.00)		5.396616		-0.363213		-0.272812		DIURNEZOD
DIURNA(-20.00)		5.563538		-0.474516		-0.184182		DIURNEZOD
DIURNA(-20.00)		5.699249		-0.581055		-0.115032		DIURNEZOD
DIURNA(-20.00)		5.802953		-0.684653		-0.063727		DIURNEZOD
DIURNA(-20.00)		5.874008		-0.787154		-0.028605		DIURNEZOD
DIURNA(-20.00)		5.911899		-0.890416		-0.007982		DIURNEZOD
DIURNA(-20.00)		5.916206		-0.996316		-0.000174		DIURNEZOD
DIURNA(-20.00)		5.886570		-1.106751		-0.003507		DIURNEZOD
DIURNA(-20.00)		5.822638		-1.223654		-0.016331		DIURNEZOD
DIURNA(-20.00)		5.724008		-1.349014		-0.037031		DIURNEZOD
DIURNA(-20.00)		5.590146		-1.484908		-0.064039		DIURNEZOD
DIURNA(-20.00)		5.420285		-1.633549		-0.095837		DIURNEZOD
DIURNA(-20.00)		5.213297		-1.797359		-0.130963		DIURNEZOD
DIURNA(-20.00)		4.967514		-1.979063		-0.168013		DIURNEZOD
DIURNA(-20.00)		4.680501		-2.181838		-0.205634		DIURNEZOD
DIURNA(-20.00)		4.348738		-2.409509		-0.242510		DIURNEZOD
* 0 0 DIURNEZOD
DIURNA(-11.30)		0.000000		5.258069		-15.364076		DIURNEZOD
DIURNA(-11.30)		0.227821		5.247229		-15.343731		DIURNEZOD
DIURNA(-11.30)		0.453240		5.214773		-15.282827		DIURNEZOD
DIURNA(-11.30)		0.673868		5.160883		-15.181749		DIURNEZOD
DIURNA(-11.30)		0.887340		5.085869		-15.041136		DIURNEZOD
DIURNA(-11.30)		1.091333		4.990168		-14.861874		DIURNEZOD
DIURNA(-11.30)		1.283573		4.874345		-14.645093		DIURNEZOD
DIURNA(-11.30)		1.461860		4.739099		-14.392151		DIURNEZOD
DIURNA(-11.30)		1.624080		4.585263		-14.104628		DIURNEZOD
DIURNA(-11.30)		1.768225		4.413807		-13.784308		DIURNEZOD
DIURNA(-11.30)		1.892415		4.225833		-13.433171		DIURNEZOD
DIURNA(-11.30)		1.994912		4.022580		-13.053370		DIURNEZOD
DIURNA(-11.30)		2.074149		3.805413		-12.647215		DIURNEZOD
DIURNA(-11.30)		2.128742		3.575818		-12.217158		DIURNEZOD
DIURNA(-11.30)		2.157512		3.335393		-11.765768		DIURNEZOD
DIURNA(-11.30)		2.159504		3.085837		-11.295711		DIURNEZOD
DIURNA(-11.30)		2.133996		2.828933		-10.809732		DIURNEZOD
DIURNA(-11.30)		2.080518		2.566535		-10.310629		DIURNEZOD
DIURNA(-11.30)		1.998860		2.300550		-9.801233		DIURNEZOD
DIURNA(-11.30)		1.889075		2.032917		-9.284385		DIURNEZOD
DIURNA(-11.30)		1.751489		1.765589		-8.762914		DIURNEZOD
DIURNA(-11.30)		1.586693		1.500515		-8.239616		DIURNEZOD
DIURNA(-11.30)		1.395549		1.239615		-7.717230		DIURNEZOD
DIURNA(-11.30)		1.179178		0.984760		-7.198423		DIURNEZOD
DIURNA(-11.30)		0.938949		0.737758		-6.685763		DIURNEZOD
DIURNA(-11.30)		0.676474		0.500329		-6.181709		DIURNEZOD
DIURNA(-11.30)		0.393585		0.274090		-5.688586		DIURNEZOD
DIURNA(-11.30)		0.092322		0.060539		-5.208575		DIURNEZOD
DIURNA(-11.30)		-0.225091		-0.138962		-4.743696		DIURNEZOD
DIURNA(-11.30)		-0.556264		-0.323196		-4.295796		DIURNEZOD
DIURNA(-11.30)		-0.898665		-0.491108		-3.866537		DIURNEZOD
DIURNA(-11.30)		-1.249647		-0.641810		-3.457389		DIURNEZOD
DIURNA(-11.30)		-1.606470		-0.774590		-3.069624		DIURNEZOD
DIURNA(-11.30)		-1.966328		-0.888917		-2.704305		DIURNEZOD
DIURNA(-11.30)		-2.326377		-0.984443		-2.362289		DIURNEZOD
DIURNA(-11.30)		-2.683756		-1.061008		-2.044223		DIURNEZOD
DIURNA(-11.30)		-3.035618		-1.118634		-1.750545		DIURNEZOD
DIURNA(-11.30)		-3.379152		-1.157529		-1.481486		DIURNEZOD
DIURNA(-11.30)		-3.711604		-1.178074		-1.237075		DIURNEZOD
DIURNA(-11.30)		-4.030304		-1.180826		-1.017144		DIURNEZOD
DIURNA(-11.30)		-4.332679		-1.166503		-0.821339		DIURNEZOD
DIURNA(-11.30)		-4.616278		-1.135980		-0.649126		DIURNEZOD
DIURNA(-11.30)		-4.878780		-1.090275		-0.499802		DIURNEZOD
DIURNA(-11.30)		-5.118009		-1.030541		-0.372509		DIURNEZOD
DIURNA(-11.30)		-5.331944		-0.958053		-0.266247		DIURNEZOD
DIURNA(-11.30)		-5.518718		-0.874197		-0.179888		DIURNEZOD
DIURNA(-11.30)		-5.676620		-0.780456		-0.112189		DIURNEZOD
DIURNA(-11.30)		-5.804089		-0.678399		-0.061810		DIURNEZOD
DIURNA(-11.30)		-5.899699		-0.569675		-0.027330		DIURNEZOD
DIURNA(-11.30)		-5.962142		-0.455998		-0.007263		DIURNEZOD
DIURNA(-11.30)		-5.990192		-0.339142		-0.000072		DIURNEZOD
DIURNA(-11.30)		-5.982670		-0.220945		-0.004189		DIURNEZOD
DIURNA(-11.30)		-5.938377		-0.103300		-0.018025		DIURNEZOD
DIURNA(-11.30)		-5.856025		-0.012406		-0.039990		DIURNEZOD
DIURNA(-11.30)		-5.734126		-0.133663		-0.068498		DIURNEZOD
DIURNA(-11.30)		-5.570850		-0.260610		-0.101982		DIURNEZOD
DIURNA(-11.30)		-5.363833		-0.395675		-0.138902		DIURNEZOD
DIURNA(-11.30)		-5.109904		-0.541539		-0.177738		DIURNEZOD
DIURNA(-11.30)		-4.804708		-0.701266		-0.216991		DIURNEZOD
DIURNA(-11.30)		-4.442168		-0.878488		-0.255162		DIURNEZOD
DIURNA(-11.30)		-4.013712		-1.077692		-0.290708		DIURNEZOD
DIURNA(-11.30)		-3.507159		-1.304659		-0.321969		DIURNEZOD
DIURNA(-11.30)		-2.905113		-1.567116		-0.347033		DIURNEZOD
DIURNA(-11.30)		-2.182723		-1.875732		-0.363493		DIURNEZOD
DIURNA(-11.30)		-1.304772		-2.245532		-0.368020		DIURNEZOD
DIURNA(-11.30)		-0.222616		-2.697741		-0.355637		DIURNEZOD
* 0 0 DIURNEZOD
DIURNA(-11.30)		0.000000		5.258069		-15.364076		DIURNEZOD
DIURNA(-11.30)		-0.227821		5.247229		-15.343731		DIURNEZOD
DIURNA(-11.30)		-0.453240		5.214773		-15.282827		DIURNEZOD
DIURNA(-11.30)		-0.673868		5.160883		-15.181749		DIURNEZOD
DIURNA(-11.30)		-0.887340		5.085869		-15.041136		DIURNEZOD
DIURNA(-11.30)		-1.091333		4.990168		-14.861874		DIURNEZOD
DIURNA(-11.30)		-1.283573		4.874345		-14.645093		DIURNEZOD
DIURNA(-11.30)		-1.461860		4.739099		-14.392151		DIURNEZOD
DIURNA(-11.30)		-1.624080		4.585263		-14.104628		DIURNEZOD
DIURNA(-11.30)		-1.768225		4.413807		-13.784308		DIURNEZOD
DIURNA(-11.30)		-1.892415		4.225833		-13.433171		DIURNEZOD
DIURNA(-11.30)		-1.994912		4.022580		-13.053370		DIURNEZOD
DIURNA(-11.30)		-2.074149		3.805413		-12.647215		DIURNEZOD
DIURNA(-11.30)		-2.128742		3.575818		-12.217158		DIURNEZOD
DIURNA(-11.30)		-2.157512		3.335393		-11.765768		DIURNEZOD
DIURNA(-11.30)		-2.159504		3.085837		-11.295711		DIURNEZOD
DIURNA(-11.30)		-2.133996		2.828933		-10.809732		DIURNEZOD
DIURNA(-11.30)		-2.080518		2.566535		-10.310629		DIURNEZOD
DIURNA(-11.30)		-1.998860		2.300550		-9.801233		DIURNEZOD
DIURNA(-11.30)		-1.889075		2.032917		-9.284385		DIURNEZOD
DIURNA(-11.30)		-1.751489		1.765589		-8.762914		DIURNEZOD
DIURNA(-11.30)		-1.586693		1.500515		-8.239616		DIURNEZOD
DIURNA(-11.30)		-1.395549		1.239615		-7.717230		DIURNEZOD
DIURNA(-11.30)		-1.179178		0.984760		-7.198423		DIURNEZOD
DIURNA(-11.30)		-0.938949		0.737758		-6.685763		DIURNEZOD
DIURNA(-11.30)		-0.676474		0.500329		-6.181709		DIURNEZOD
DIURNA(-11.30)		-0.393585		0.274090		-5.688586		DIURNEZOD
DIURNA(-11.30)		-0.092322		0.060539		-5.208575		DIURNEZOD
DIURNA(-11.30)		0.225091		-0.138962		-4.743696		DIURNEZOD
DIURNA(-11.30)		0.556264		-0.323196		-4.295796		DIURNEZOD
DIURNA(-11.30)		0.898665		-0.491108		-3.866537		DIURNEZOD
DIURNA(-11.30)		1.249647		-0.641810		-3.457389		DIURNEZOD
DIURNA(-11.30)		1.606470		-0.774590		-3.069624		DIURNEZOD
DIURNA(-11.30)		1.966328		-0.888917		-2.704305		DIURNEZOD
DIURNA(-11.30)		2.326377		-0.984443		-2.362289		DIURNEZOD
DIURNA(-11.30)		2.683756		-1.061008		-2.044223		DIURNEZOD
DIURNA(-11.30)		3.035618		-1.118634		-1.750545		DIURNEZOD
DIURNA(-11.30)		3.379152		-1.157529		-1.481486		DIURNEZOD
DIURNA(-11.30)		3.711604		-1.178074		-1.237075		DIURNEZOD
DIURNA(-11.30)		4.030304		-1.180826		-1.017144		DIURNEZOD
DIURNA(-11.30)		4.332679		-1.166503		-0.821339		DIURNEZOD
DIURNA(-11.30)		4.616278		-1.135980		-0.649126		DIURNEZOD
DIURNA(-11.30)		4.878780		-1.090275		-0.499802		DIURNEZOD
DIURNA(-11.30)		5.118009		-1.030541		-0.372509		DIURNEZOD
DIURNA(-11.30)		5.331944		-0.958053		-0.266247		DIURNEZOD
DIURNA(-11.30)		5.518718		-0.874197		-0.179888		DIURNEZOD
DIURNA(-11.30)		5.676620		-0.780456		-0.112189		DIURNEZOD
DIURNA(-11.30)		5.804089		-0.678399		-0.061810		DIURNEZOD
DIURNA(-11.30)		5.899699		-0.569675		-0.027330		DIURNEZOD
DIURNA(-11.30)		5.962142		-0.455998		-0.007263		DIURNEZOD
DIURNA(-11.30)		5.990192		-0.339142		-0.000072		DIURNEZOD
DIURNA(-11.30)		5.982670		-0.220945		-0.004189		DIURNEZOD
DIURNA(-11.30)		5.938377		-0.103300		-0.018025		DIURNEZOD
DIURNA(-11.30)		5.856025		-0.012406		-0.039990		DIURNEZOD
DIURNA(-11.30)		5.734126		-0.133663		-0.068498		DIURNEZOD
DIURNA(-11.30)		5.570850		-0.260610		-0.101982		DIURNEZOD
DIURNA(-11.30)		5.363833		-0.395675		-0.138902		DIURNEZOD
DIURNA(-11.30)		5.109904		-0.541539		-0.177738		DIURNEZOD
DIURNA(-11.30)		4.804708		-0.701266		-0.216991		DIURNEZOD
DIURNA(-11.30)		4.442168		-0.878488		-0.255162		DIURNEZOD
DIURNA(-11.30)		4.013712		-1.077692		-0.290708		DIURNEZOD
DIURNA(-11.30)		3.507159		-1.304659		-0.321969		DIURNEZOD
DIURNA(-11.30)		2.905113		-1.567116		-0.347033		DIURNEZOD
DIURNA(-11.30)		2.182723		-1.875732		-0.363493		DIURNEZOD
DIURNA(-11.30)		1.304772		-2.245532		-0.368020		DIURNEZOD
DIURNA(-11.30)		0.222616		-2.697741		-0.355637		DIURNEZOD
* 0 0 DIURNEZOD
DIURNA(0.00)		0.000000		0.915250		-6.285293		DIURNEZOD
DIURNA(0.00)		0.032089		0.906825		-6.274224		DIURNEZOD
DIURNA(0.00)		0.062437		0.881626		-6.241108		DIURNEZOD
DIURNA(0.00)		0.089323		0.839881		-6.186208		DIURNEZOD
DIURNA(0.00)		0.111064		0.781968		-6.109965		DIURNEZOD
DIURNA(0.00)		0.126031		0.708410		-6.012989		DIURNEZOD
DIURNA(0.00)		0.132672		0.619875		-5.896051		DIURNEZOD
DIURNA(0.00)		0.129527		0.517168		-5.760082		DIURNEZOD
DIURNA(0.00)		0.115246		0.401225		-5.606157		DIURNEZOD
DIURNA(0.00)		0.088603		0.273106		-5.435488		DIURNEZOD
DIURNA(0.00)		0.048515		0.133985		-5.249410		DIURNEZOD
DIURNA(0.00)		-0.005948		-0.014860		-5.049372		DIURNEZOD
DIURNA(0.00)		-0.075546		-0.172056		-4.836915		DIURNEZOD
DIURNA(0.00)		-0.160860		-0.336152		-4.613666		DIURNEZOD
DIURNA(0.00)		-0.262283		-0.505627		-4.381316		DIURNEZOD
DIURNA(0.00)		-0.380013		-0.678908		-4.141604		DIURNEZOD
DIURNA(0.00)		-0.514044		-0.854386		-3.896304		DIURNEZOD
DIURNA(0.00)		-0.664164		-1.030425		-3.647202		DIURNEZOD
DIURNA(0.00)		-0.829957		-1.205388		-3.396085		DIURNEZOD
DIURNA(0.00)		-1.010798		-1.377644		-3.144719		DIURNEZOD
DIURNA(0.00)		-1.205860		-1.545592		-2.894837		DIURNEZOD
DIURNA(0.00)		-1.414120		-1.707671		-2.648118		DIURNEZOD
DIURNA(0.00)		-1.634363		-1.862380		-2.406174		DIURNEZOD
DIURNA(0.00)		-1.865196		-2.008294		-2.170537		DIURNEZOD
DIURNA(0.00)		-2.105055		-2.144073		-1.942640		DIURNEZOD
DIURNA(0.00)		-2.352225		-2.268483		-1.723811		DIURNEZOD
DIURNA(0.00)		-2.604849		-2.380403		-1.515256		DIURNEZOD
DIURNA(0.00)		-2.860947		-2.478838		-1.318052		DIURNEZOD
DIURNA(0.00)		-3.118436		-2.562929		-1.133140		DIURNEZOD
DIURNA(0.00)		-3.375145		-2.631961		-0.961312		DIURNEZOD
DIURNA(0.00)		-3.628835		-2.685371		-0.803212		DIURNEZOD
DIURNA(0.00)		-3.877220		-2.722749		-0.659329		DIURNEZOD
DIURNA(0.00)		-4.117987		-2.743845		-0.529994		DIURNEZOD
DIURNA(0.00)		-4.348808		-2.748566		-0.415385		DIURNEZOD
DIURNA(0.00)		-4.567364		-2.736982		-0.315521		DIURNEZOD
DIURNA(0.00)		-4.771359		-2.709316		-0.230270		DIURNEZOD
DIURNA(0.00)		-4.958529		-2.665944		-0.159351		DIURNEZOD
DIURNA(0.00)		-5.126659		-2.607389		-0.102342		DIURNEZOD
DIURNA(0.00)		-5.273581		-2.534312		-0.058687		DIURNEZOD
DIURNA(0.00)		-5.397182		-2.447504		-0.027703		DIURNEZOD
DIURNA(0.00)		-5.495393		-2.347877		-0.008591		DIURNEZOD
DIURNA(0.00)		-5.566180		-2.236448		-0.000450		DIURNEZOD
DIURNA(0.00)		-5.607516		-2.114334		-0.002282		DIURNEZOD
DIURNA(0.00)		-5.617343		-1.982733		-0.013010		DIURNEZOD
DIURNA(0.00)		-5.593516		-1.842914		-0.031488		DIURNEZOD
DIURNA(0.00)		-5.533719		-1.696206		-0.056511		DIURNEZOD
DIURNA(0.00)		-5.435349		-1.543981		-0.086829		DIURNEZOD
DIURNA(0.00)		-5.295350		-1.387652		-0.121156		DIURNEZOD
DIURNA(0.00)		-5.109976		-1.228661		-0.158171		DIURNEZOD
DIURNA(0.00)		-4.874450		-1.068483		-0.196522		DIURNEZOD
DIURNA(0.00)		-4.582478		-0.908636		-0.234818		DIURNEZOD
DIURNA(0.00)		-4.225527		-0.750709		-0.271598		DIURNEZOD
DIURNA(0.00)		-3.791764		-0.596421		-0.305282		DIURNEZOD
DIURNA(0.00)		-3.264482		-0.447732		-0.334068		DIURNEZOD
DIURNA(0.00)		-2.619773		-0.307053		-0.355746		DIURNEZOD
DIURNA(0.00)		-1.823225		-0.177626		-0.367346		DIURNEZOD
DIURNA(0.00)		-0.825641		-0.064217		-0.364513		DIURNEZOD
DIURNA(0.00)		0.441155		0.025693		-0.340422		DIURNEZOD
DIURNA(0.00)		2.064485		0.080065		-0.284109		DIURNEZOD
DIURNA(0.00)		4.138192		0.080189		-0.178540		DIURNEZOD
DIURNA(0.00)		6.727922		-0.000000		0.000000		DIURNEZOD
DIURNA(0.00)		9.823075		-0.422840		0.278665		DIURNEZOD
DIURNA(0.00)		13.312848		-0.981339		0.680606		DIURNEZOD
DIURNA(0.00)		17.011683		-1.688458		1.217575		DIURNEZOD
DIURNA(0.00)		20.708790		-2.541217		1.886841		DIURNEZOD
DIURNA(0.00)		24.204316		-3.521662		2.672060		DIURNEZOD
* 0 0 DIURNEZOD
DIURNA(0.00)		0.000000		0.915250		-6.285293		DIURNEZOD
DIURNA(0.00)		-0.032089		0.906825		-6.274224		DIURNEZOD
DIURNA(0.00)		-0.062437		0.881626		-6.241108		DIURNEZOD
DIURNA(0.00)		-0.089323		0.839881		-6.186208		DIURNEZOD
DIURNA(0.00)		-0.111064		0.781968		-6.109965		DIURNEZOD
DIURNA(0.00)		-0.126031		0.708410		-6.012989		DIURNEZOD
DIURNA(0.00)		-0.132672		0.619875		-5.896051		DIURNEZOD
DIURNA(0.00)		-0.129527		0.517168		-5.760082		DIURNEZOD
DIURNA(0.00)		-0.115246		0.401225		-5.606157		DIURNEZOD
DIURNA(0.00)		-0.088603		0.273106		-5.435488		DIURNEZOD
DIURNA(0.00)		-0.048515		0.133985		-5.249410		DIURNEZOD
DIURNA(0.00)		0.005948		-0.014860		-5.049372		DIURNEZOD
DIURNA(0.00)		0.075546		-0.172056		-4.836915		DIURNEZOD
DIURNA(0.00)		0.160860		-0.336152		-4.613666		DIURNEZOD
DIURNA(0.00)		0.262283		-0.505627		-4.381316		DIURNEZOD
DIURNA(0.00)		0.380013		-0.678908		-4.141604		DIURNEZOD
DIURNA(0.00)		0.514044		-0.854386		-3.896304		DIURNEZOD
DIURNA(0.00)		0.664164		-1.030425		-3.647202		DIURNEZOD
DIURNA(0.00)		0.829957		-1.205388		-3.396085		DIURNEZOD
DIURNA(0.00)		1.010798		-1.377644		-3.144719		DIURNEZOD
DIURNA(0.00)		1.205860		-1.545592		-2.894837		DIURNEZOD
DIURNA(0.00)		1.414120		-1.707671		-2.648118		DIURNEZOD
DIURNA(0.00)		1.634363		-1.862380		-2.406174		DIURNEZOD
DIURNA(0.00)		1.865196		-2.008294		-2.170537		DIURNEZOD
DIURNA(0.00)		2.105055		-2.144073		-1.942640		DIURNEZOD
DIURNA(0.00)		2.352225		-2.268483		-1.723811		DIURNEZOD
DIURNA(0.00)		2.604849		-2.380403		-1.515256		DIURNEZOD
DIURNA(0.00)		2.860947		-2.478838		-1.318052		DIURNEZOD
DIURNA(0.00)		3.118436		-2.562929		-1.133140		DIURNEZOD
DIURNA(0.00)		3.375145		-2.631961		-0.961312		DIURNEZOD
DIURNA(0.00)		3.628835		-2.685371		-0.803212		DIURNEZOD
DIURNA(0.00)		3.877220		-2.722749		-0.659329		DIURNEZOD
DIURNA(0.00)		4.117987		-2.743845		-0.529994		DIURNEZOD
DIURNA(0.00)		4.348808		-2.748566		-0.415385		DIURNEZOD
DIURNA(0.00)		4.567364		-2.736982		-0.315521		DIURNEZOD
DIURNA(0.00)		4.771359		-2.709316		-0.230270		DIURNEZOD
DIURNA(0.00)		4.958529		-2.665944		-0.159351		DIURNEZOD
DIURNA(0.00)		5.126659		-2.607389		-0.102342		DIURNEZOD
DIURNA(0.00)		5.273581		-2.534312		-0.058687		DIURNEZOD
DIURNA(0.00)		5.397182		-2.447504		-0.027703		DIURNEZOD
DIURNA(0.00)		5.495393		-2.347877		-0.008591		DIURNEZOD
DIURNA(0.00)		5.566180		-2.236448		-0.000450		DIURNEZOD
DIURNA(0.00)		5.607516		-2.114334		-0.002282		DIURNEZOD
DIURNA(0.00)		5.617343		-1.982733		-0.013010		DIURNEZOD
DIURNA(0.00)		5.593516		-1.842914		-0.031488		DIURNEZOD
DIURNA(0.00)		5.533719		-1.696206		-0.056511		DIURNEZOD
DIURNA(0.00)		5.435349		-1.543981		-0.086829		DIURNEZOD
DIURNA(0.00)		5.295350		-1.387652		-0.121156		DIURNEZOD
DIURNA(0.00)		5.109976		-1.228661		-0.158171		DIURNEZOD
DIURNA(0.00)		4.874450		-1.068483		-0.196522		DIURNEZOD
DIURNA(0.00)		4.582478		-0.908636		-0.234818		DIURNEZOD
DIURNA(0.00)		4.225527		-0.750709		-0.271598		DIURNEZOD
DIURNA(0.00)		3.791764		-0.596421		-0.305282		DIURNEZOD
DIURNA(0.00)		3.264482		-0.447732		-0.334068		DIURNEZOD
DIURNA(0.00)		2.619773		-0.307053		-0.355746		DIURNEZOD
DIURNA(0.00)		1.823225		-0.177626		-0.367346		DIURNEZOD
DIURNA(0.00)		0.825641		-0.064217		-0.364513		DIURNEZOD
DIURNA(0.00)		-0.441155		0.025693		-0.340422		DIURNEZOD
DIURNA(0.00)		-2.064485		0.080065		-0.284109		DIURNEZOD
DIURNA(0.00)		-4.138192		0.080189		-0.178540		DIURNEZOD
DIURNA(0.00)		-6.727922		-0.000000		0.000000		DIURNEZOD
DIURNA(0.00)		-9.823075		-0.422840		0.278665		DIURNEZOD
DIURNA(0.00)		-13.312848		-0.981339		0.680606		DIURNEZOD
DIURNA(0.00)		-17.011683		-1.688458		1.217575		DIURNEZOD
DIURNA(0.00)		-20.708790		-2.541217		1.886841		DIURNEZOD
DIURNA(0.00)		-24.204316		-3.521662		2.672060		DIURNEZOD
* 0 0 DIURNEZOD
DIURNA(11.30)		0.000000		-3.782930		-1.319951		DIURNEZOD
DIURNA(11.30)		-0.113065		-3.786263		-1.316174		DIURNEZOD
DIURNA(11.30)		-0.226844		-3.796205		-1.304891		DIURNEZOD
DIURNA(11.30)		-0.342034		-3.812591		-1.286234		DIURNEZOD
DIURNA(11.30)		-0.459307		-3.835147		-1.260427		DIURNEZOD
DIURNA(11.30)		-0.579294		-3.863493		-1.227776		DIURNEZOD
DIURNA(11.30)		-0.702570		-3.897149		-1.188670		DIURNEZOD
DIURNA(11.30)		-0.829646		-3.935538		-1.143573		DIURNEZOD
DIURNA(11.30)		-0.960952		-3.977994		-1.093019		DIURNEZOD
DIURNA(11.30)		-1.096831		-4.023770		-1.037605		DIURNEZOD
DIURNA(11.30)		-1.237528		-4.072043		-0.977984		DIURNEZOD
DIURNA(11.30)		-1.383179		-4.121929		-0.914856		DIURNEZOD
DIURNA(11.30)		-1.533809		-4.172485		-0.848959		DIURNEZOD
DIURNA(11.30)		-1.689319		-4.222728		-0.781059		DIURNEZOD
DIURNA(11.30)		-1.849487		-4.271641		-0.711941		DIURNEZOD
DIURNA(11.30)		-2.013963		-4.318187		-0.642398		DIURNEZOD
DIURNA(11.30)		-2.182268		-4.361317		-0.573223		DIURNEZOD
DIURNA(11.30)		-2.353791		-4.399987		-0.505193		DIURNEZOD
DIURNA(11.30)		-2.527795		-4.433167		-0.439067		DIURNEZOD
DIURNA(11.30)		-2.703415		-4.459854		-0.375569		DIURNEZOD
DIURNA(11.30)		-2.879667		-4.479080		-0.315381		DIURNEZOD
DIURNA(11.30)		-3.055447		-4.489929		-0.259137		DIURNEZOD
DIURNA(11.30)		-3.229545		-4.491540		-0.207408		DIURNEZOD
DIURNA(11.30)		-3.400643		-4.483122		-0.160700		DIURNEZOD
DIURNA(11.30)		-3.567331		-4.463958		-0.119447		DIURNEZOD
DIURNA(11.30)		-3.728110		-4.433414		-0.084000		DIURNEZOD
DIURNA(11.30)		-3.881402		-4.390946		-0.054628		DIURNEZOD
DIURNA(11.30)		-4.025553		-4.336099		-0.031510		DIURNEZOD
DIURNA(11.30)		-4.158846		-4.268514		-0.014735		DIURNEZOD
DIURNA(11.30)		-4.279499		-4.187926		-0.004300		DIURNEZOD
DIURNA(11.30)		-4.385667		-4.094161		-0.000105		DIURNEZOD
DIURNA(11.30)		-4.475441		-3.987134		-0.001963		DIURNEZOD
DIURNA(11.30)		-4.546837		-3.866837		-0.009590		DIURNEZOD
DIURNA(11.30)		-4.597778		-3.733331		-0.022617		DIURNEZOD
DIURNA(11.30)		-4.626073		-3.586731		-0.040589		DIURNEZOD
DIURNA(11.30)		-4.629366		-3.427183		-0.062969		DIURNEZOD
DIURNA(11.30)		-4.605078		-3.254839		-0.089145		DIURNEZOD
DIURNA(11.30)		-4.550320		-3.069821		-0.118430		DIURNEZOD
DIURNA(11.30)		-4.461755		-2.872176		-0.150068		DIURNEZOD
DIURNA(11.30)		-4.335419		-2.661815		-0.183233		DIURNEZOD
DIURNA(11.30)		-4.166446		-2.438434		-0.217026		DIURNEZOD
DIURNA(11.30)		-3.948681		-2.201402		-0.250469		DIURNEZOD
DIURNA(11.30)		-3.674113		-1.949610		-0.282476		DIURNEZOD
DIURNA(11.30)		-3.332037		-1.681268		-0.311814		DIURNEZOD
DIURNA(11.30)		-2.907828		-1.393620		-0.337022		DIURNEZOD
DIURNA(11.30)		-2.381142		-1.082557		-0.356263		DIURNEZOD
DIURNA(11.30)		-1.723351		-0.742144		-0.367065		DIURNEZOD
DIURNA(11.30)		-0.894139		-0.364110		-0.365848		DIURNEZOD
DIURNA(11.30)		0.162253		0.062358		-0.347128		DIURNEZOD
DIURNA(11.30)		1.518967		0.549744		-0.302255		DIURNEZOD
DIURNA(11.30)		3.261267		1.108679		-0.217774		DIURNEZOD
DIURNA(11.30)		5.466101		1.740353		-0.074274		DIURNEZOD
DIURNA(11.30)		8.165460		2.426712		0.152462		DIURNEZOD
DIURNA(11.30)		11.313273		3.126133		0.486604		DIURNEZOD
DIURNA(11.30)		14.784376		3.781149		0.945506		DIURNEZOD
DIURNA(11.30)		18.405524		4.333511		1.534923		DIURNEZOD
DIURNA(11.30)		21.990692		4.736206		2.247803		DIURNEZOD
DIURNA(11.30)		25.361806		4.958347		3.065270		DIURNEZOD
DIURNA(11.30)		28.355646		4.985245		3.958085		DIURNEZOD
DIURNA(11.30)		30.824014		4.816748		4.887865		DIURNEZOD
DIURNA(11.30)		32.632066		4.465416		5.807971		DIURNEZOD
DIURNA(11.30)		33.656794		3.955025		6.664198		DIURNEZOD
DIURNA(11.30)		33.786149		3.319385		7.395373		DIURNEZOD
DIURNA(11.30)		32.918770		2.601390		7.933938		DIURNEZOD
DIURNA(11.30)		30.964155		1.852183		8.206572		DIURNEZOD
DIURNA(11.30)		27.843098		1.130377		8.134855		DIURNEZOD
* 0 0 DIURNEZOD
DIURNA(11.30)		0.000000		-3.782930		-1.319951		DIURNEZOD
DIURNA(11.30)		0.113065		-3.786263		-1.316174		DIURNEZOD
DIURNA(11.30)		0.226844		-3.796205		-1.304891		DIURNEZOD
DIURNA(11.30)		0.342034		-3.812591		-1.286234		DIURNEZOD
DIURNA(11.30)		0.459307		-3.835147		-1.260427		DIURNEZOD
DIURNA(11.30)		0.579294		-3.863493		-1.227776		DIURNEZOD
DIURNA(11.30)		0.702570		-3.897149		-1.188670		DIURNEZOD
DIURNA(11.30)		0.829646		-3.935538		-1.143573		DIURNEZOD
DIURNA(11.30)		0.960952		-3.977994		-1.093019		DIURNEZOD
DIURNA(11.30)		1.096831		-4.023770		-1.037605		DIURNEZOD
DIURNA(11.30)		1.237528		-4.072043		-0.977984		DIURNEZOD
DIURNA(11.30)		1.383179		-4.121929		-0.914856		DIURNEZOD
DIURNA(11.30)		1.533809		-4.172485		-0.848959		DIURNEZOD
DIURNA(11.30)		1.689319		-4.222728		-0.781059		DIURNEZOD
DIURNA(11.30)		1.849487		-4.271641		-0.711941		DIURNEZOD
DIURNA(11.30)		2.013963		-4.318187		-0.642398		DIURNEZOD
DIURNA(11.30)		2.182268		-4.361317		-0.573223		DIURNEZOD
DIURNA(11.30)		2.353791		-4.399987		-0.505193		DIURNEZOD
DIURNA(11.30)		2.527795		-4.433167		-0.439067		DIURNEZOD
DIURNA(11.30)		2.703415		-4.459854		-0.375569		DIURNEZOD
DIURNA(11.30)		2.879667		-4.479080		-0.315381		DIURNEZOD
DIURNA(11.30)		3.055447		-4.489929		-0.259137		DIURNEZOD
DIURNA(11.30)		3.229545		-4.491540		-0.207408		DIURNEZOD
DIURNA(11.30)		3.400643		-4.483122		-0.160700		DIURNEZOD
DIURNA(11.30)		3.567331		-4.463958		-0.119447		DIURNEZOD
DIURNA(11.30)		3.728110		-4.433414		-0.084000		DIURNEZOD
DIURNA(11.30)		3.881402		-4.390946		-0.054628		DIURNEZOD
DIURNA(11.30)		4.025553		-4.336099		-0.031510		DIURNEZOD
DIURNA(11.30)		4.158846		-4.268514		-0.014735		DIURNEZOD
DIURNA(11.30)		4.279499		-4.187926		-0.004300		DIURNEZOD
DIURNA(11.30)		4.385667		-4.094161		-0.000105		DIURNEZOD
DIURNA(11.30)		4.475441		-3.987134		-0.001963		DIURNEZOD
DIURNA(11.30)		4.546837		-3.866837		-0.009590		DIURNEZOD
DIURNA(11.30)		4.597778		-3.733331		-0.022617		DIURNEZOD
DIURNA(11.30)		4.626073		-3.586731		-0.040589		DIURNEZOD
DIURNA(11.30)		4.629366		-3.427183		-0.062969		DIURNEZOD
DIURNA(11.30)		4.605078		-3.254839		-0.089145		DIURNEZOD
DIURNA(11.30)		4.550320		-3.069821		-0.118430		DIURNEZOD
DIURNA(11.30)		4.461755		-2.872176		-0.150068		DIURNEZOD
DIURNA(11.30)		4.335419		-2.661815		-0.183233		DIURNEZOD
DIURNA(11.30)		4.166446		-2.438434		-0.217026		DIURNEZOD
DIURNA(11.30)		3.948681		-2.201402		-0.250469		DIURNEZOD
DIURNA(11.30)		3.674113		-1.949610		-0.282476		DIURNEZOD
DIURNA(11.30)		3.332037		-1.681268		-0.311814		DIURNEZOD
DIURNA(11.30)		2.907828		-1.393620		-0.337022		DIURNEZOD
DIURNA(11.30)		2.381142		-1.082557		-0.356263		DIURNEZOD
DIURNA(11.30)		1.723351		-0.742144		-0.367065		DIURNEZOD
DIURNA(11.30)		0.894139		-0.364110		-0.365848		DIURNEZOD
DIURNA(11.30)		-0.162253		0.062358		-0.347128		DIURNEZOD
DIURNA(11.30)		-1.518967		0.549744		-0.302255		DIURNEZOD
DIURNA(11.30)		-3.261267		1.108679		-0.217774		DIURNEZOD
DIURNA(11.30)		-5.466101		1.740353		-0.074274		DIURNEZOD
DIURNA(11.30)		-8.165460		2.426712		0.152462		DIURNEZOD
DIURNA(11.30)		-11.313273		3.126133		0.486604		DIURNEZOD
DIURNA(11.30)		-14.784376		3.781149		0.945506		DIURNEZOD
DIURNA(11.30)		-18.405524		4.333511		1.534923		DIURNEZOD
DIURNA(11.30)		-21.990692		4.736206		2.247803		DIURNEZOD
DIURNA(11.30)		-25.361806		4.958347		3.065270		DIURNEZOD
DIURNA(11.30)		-28.355646		4.985245		3.958085		DIURNEZOD
DIURNA(11.30)		-30.824014		4.816748		4.887865		DIURNEZOD
DIURNA(11.30)		-32.632066		4.465416		5.807971		DIURNEZOD
DIURNA(11.30)		-33.656794		3.955025		6.664198		DIURNEZOD
DIURNA(11.30)		-33.786149		3.319385		7.395373		DIURNEZOD
DIURNA(11.30)		-32.918770		2.601390		7.933938		DIURNEZOD
DIURNA(11.30)		-30.964155		1.852183		8.206572		DIURNEZOD
DIURNA(11.30)		-27.843098		1.130377		8.134855		DIURNEZOD
* 0 0 DIURNEZOD
DIURNA(20.00)		0.000000		-5.766859		-0.095465		DIURNEZOD
DIURNA(20.00)		-0.153314		-5.766421		-0.094747		DIURNEZOD
DIURNA(20.00)		-0.306689		-5.765074		-0.092610		DIURNEZOD
DIURNA(20.00)		-0.460175		-5.762714		-0.089113		DIURNEZOD
DIURNA(20.00)		-0.613806		-5.759169		-0.084350		DIURNEZOD
DIURNA(20.00)		-0.767590		-5.754203		-0.078451		DIURNEZOD
DIURNA(20.00)		-0.921499		-5.747517		-0.071579		DIURNEZOD
DIURNA(20.00)		-1.075463		-5.738752		-0.063927		DIURNEZOD
DIURNA(20.00)		-1.229362		-5.727496		-0.055714		DIURNEZOD
DIURNA(20.00)		-1.383021		-5.713288		-0.047182		DIURNEZOD
DIURNA(20.00)		-1.536199		-5.695623		-0.038591		DIURNEZOD
DIURNA(20.00)		-1.688591		-5.673959		-0.030214		DIURNEZOD
DIURNA(20.00)		-1.839816		-5.647721		-0.022332		DIURNEZOD
DIURNA(20.00)		-1.989417		-5.616313		-0.015229		DIURNEZOD
DIURNA(20.00)		-2.136856		-5.579121		-0.009183		DIURNEZOD
DIURNA(20.00)		-2.281514		-5.535518		-0.004467		DIURNEZOD
DIURNA(20.00)		-2.422686		-5.484875		-0.001336		DIURNEZOD
DIURNA(20.00)		-2.559580		-5.426566		-0.000026		DIURNEZOD
DIURNA(20.00)		-2.691316		-5.359971		-0.000748		DIURNEZOD
DIURNA(20.00)		-2.816926		-5.284483		-0.003682		DIURNEZOD
DIURNA(20.00)		-2.935348		-5.199511		-0.008972		DIURNEZOD
DIURNA(20.00)		-3.045428		-5.104482		-0.016721		DIURNEZOD
DIURNA(20.00)		-3.145912		-4.998841		-0.026989		DIURNEZOD
DIURNA(20.00)		-3.235443		-4.882051		-0.039790		DIURNEZOD
DIURNA(20.00)		-3.312549		-4.753583		-0.055083		DIURNEZOD
DIURNA(20.00)		-3.375627		-4.612914		-0.072779		DIURNEZOD
DIURNA(20.00)		-3.422927		-4.459508		-0.092731		DIURNEZOD
DIURNA(20.00)		-3.452516		-4.292800		-0.114736		DIURNEZOD
DIURNA(20.00)		-3.462239		-4.112168		-0.138531		DIURNEZOD
DIURNA(20.00)		-3.449657		-3.916897		-0.163796		DIURNEZOD
DIURNA(20.00)		-3.411960		-3.706125		-0.190147		DIURNEZOD
DIURNA(20.00)		-3.345847		-3.478779		-0.217134		DIURNEZOD
DIURNA(20.00)		-3.247356		-3.233474		-0.244235		DIURNEZOD
DIURNA(20.00)		-3.111622		-2.968387		-0.270849		DIURNEZOD
DIURNA(20.00)		-2.932533		-2.681077		-0.296271		DIURNEZOD
DIURNA(20.00)		-2.702237		-2.368239		-0.319670		DIURNEZOD
DIURNA(20.00)		-2.410439		-2.025357		-0.340030		DIURNEZOD
DIURNA(20.00)		-2.043396		-1.646247		-0.356069		DIURNEZOD
DIURNA(20.00)		-1.582517		-1.222438		-0.366082		DIURNEZOD
DIURNA(20.00)		-1.002485		-0.742433		-0.367700		DIURNEZOD
DIURNA(20.00)		-0.268999		-0.190968		-0.357466		DIURNEZOD
DIURNA(20.00)		0.663282		0.451267		-0.330178		DIURNEZOD
DIURNA(20.00)		1.850889		1.206419		-0.277959		DIURNEZOD
DIURNA(20.00)		3.356429		2.095059		-0.189207		DIURNEZOD
DIURNA(20.00)		5.234441		3.127295		-0.048069		DIURNEZOD
DIURNA(20.00)		7.509213		4.291493		0.164505		DIURNEZOD
DIURNA(20.00)		10.155506		5.547799		0.467534		DIURNEZOD
DIURNA(20.00)		13.096013		6.832875		0.875682		DIURNEZOD
DIURNA(20.00)		16.216328		8.073250		1.395898		DIURNEZOD
DIURNA(20.00)		19.384813		9.198482		2.026038		DIURNEZOD
DIURNA(20.00)		22.466698		10.148789		2.754944		DIURNEZOD
DIURNA(20.00)		25.330629		10.877526		3.563030		DIURNEZOD
DIURNA(20.00)		27.850509		11.350979		4.422844		DIURNEZOD
DIURNA(20.00)		29.905432		11.547291		5.299477		DIURNEZOD
DIURNA(20.00)		31.379215		11.455380		6.150841		DIURNEZOD
DIURNA(20.00)		32.160135		11.074074		6.927884		DIURNEZOD
DIURNA(20.00)		32.141001		10.411491		7.574801		DIURNEZOD
DIURNA(20.00)		31.219526		9.484560		8.029274		DIURNEZOD
DIURNA(20.00)		29.298941		8.318655		8.222759		DIURNEZOD
DIURNA(20.00)		26.288765		6.947251		8.080844		DIURNEZOD
DIURNA(20.00)		22.105680		5.411585		7.523670		DIURNEZOD
DIURNA(20.00)		16.674464		3.760280		6.466428		DIURNEZOD
DIURNA(20.00)		9.928939		2.048925		4.819936		DIURNEZOD
DIURNA(20.00)		1.812907		0.339598		2.491275		DIURNEZOD
DIURNA(20.00)		-7.718950		-1.299682		-0.615495		DIURNEZOD
DIURNA(20.00)		-18.700226		-2.795563		-4.598559		DIURNEZOD
* 0 0 DIURNEZOD
DIURNA(20.00)		0.000000		-5.766859		-0.095465		DIURNEZOD
DIURNA(20.00)		0.153314		-5.766421		-0.094747		DIURNEZOD
DIURNA(20.00)		0.306689		-5.765074		-0.092610		DIURNEZOD
DIURNA(20.00)		0.460175		-5.762714		-0.089113		DIURNEZOD
DIURNA(20.00)		0.613806		-5.759169		-0.084350		DIURNEZOD
DIURNA(20.00)		0.767590		-5.754203		-0.078451		DIURNEZOD
DIURNA(20.00)		0.921499		-5.747517		-0.071579		DIURNEZOD
DIURNA(20.00)		1.075463		-5.738752		-0.063927		DIURNEZOD
DIURNA(20.00)		1.229362		-5.727496		-0.055714		DIURNEZOD
DIURNA(20.00)		1.383021		-5.713288		-0.047182		DIURNEZOD
DIURNA(20.00)		1.536199		-5.695623		-0.038591		DIURNEZOD
DIURNA(20.00)		1.688591		-5.673959		-0.030214		DIURNEZOD
DIURNA(20.00)		1.839816		-5.647721		-0.022332		DIURNEZOD
DIURNA(20.00)		1.989417		-5.616313		-0.015229		DIURNEZOD
DIURNA(20.00)		2.136856		-5.579121		-0.009183		DIURNEZOD
DIURNA(20.00)		2.281514		-5.535518		-0.004467		DIURNEZOD
DIURNA(20.00)		2.422686		-5.484875		-0.001336		DIURNEZOD
DIURNA(20.00)		2.559580		-5.426566		-0.000026		DIURNEZOD
DIURNA(20.00)		2.691316		-5.359971		-0.000748		DIURNEZOD
DIURNA(20.00)		2.816926		-5.284483		-0.003682		DIURNEZOD
DIURNA(20.00)		2.935348		-5.199511		-0.008972		DIURNEZOD
DIURNA(20.00)		3.045428		-5.104482		-0.016721		DIURNEZOD
DIURNA(20.00)		3.145912		-4.998841		-0.026989		DIURNEZOD
DIURNA(20.00)		3.235443		-4.882051		-0.039790		DIURNEZOD
DIURNA(20.00)		3.312549		-4.753583		-0.055083		DIURNEZOD
DIURNA(20.00)		3.375627		-4.612914		-0.072779		DIURNEZOD
DIURNA(20.00)		3.422927		-4.459508		-0.092731		DIURNEZOD
DIURNA(20.00)		3.452516		-4.292800		-0.114736		DIURNEZOD
DIURNA(20.00)		3.462239		-4.112168		-0.138531		DIURNEZOD
DIURNA(20.00)		3.449657		-3.916897		-0.163796		DIURNEZOD
DIURNA(20.00)		3.411960		-3.706125		-0.190147		DIURNEZOD
DIURNA(20.00)		3.345847		-3.478779		-0.217134		DIURNEZOD
DIURNA(20.00)		3.247356		-3.233474		-0.244235		DIURNEZOD
DIURNA(20.00)		3.111622		-2.968387		-0.270849		DIURNEZOD
DIURNA(20.00)		2.932533		-2.681077		-0.296271		DIURNEZOD
DIURNA(20.00)		2.702237		-2.368239		-0.319670		DIURNEZOD
DIURNA(20.00)		2.410439		-2.025357		-0.340030		DIURNEZOD
DIURNA(20.00)		2.043396		-1.646247		-0.356069		DIURNEZOD
DIURNA(20.00)		1.582517		-1.222438		-0.366082		DIURNEZOD
DIURNA(20.00)		1.002485		-0.742433		-0.367700		DIURNEZOD
DIURNA(20.00)		0.268999		-0.190968		-0.357466		DIURNEZOD
DIURNA(20.00)		-0.663282		0.451267		-0.330178		DIURNEZOD
DIURNA(20.00)		-1.850889		1.206419		-0.277959		DIURNEZOD
DIURNA(20.00)		-3.356429		2.095059		-0.189207		DIURNEZOD
DIURNA(20.00)		-5.234441		3.127295		-0.048069		DIURNEZOD
DIURNA(20.00)		-7.509213		4.291493		0.164505		DIURNEZOD
DIURNA(20.00)		-10.155506		5.547799		0.467534		DIURNEZOD
DIURNA(20.00)		-13.096013		6.832875		0.875682		DIURNEZOD
DIURNA(20.00)		-16.216328		8.073250		1.395898		DIURNEZOD
DIURNA(20.00)		-19.384813		9.198482		2.026038		DIURNEZOD
DIURNA(20.00)		-22.466698		10.148789		2.754944		DIURNEZOD
DIURNA(20.00)		-25.330629		10.877526		3.563030		DIURNEZOD
DIURNA(20.00)		-27.850509		11.350979		4.422844		DIURNEZOD
DIURNA(20.00)		-29.905432		11.547291		5.299477		DIURNEZOD
DIURNA(20.00)		-31.379215		11.455380		6.150841		DIURNEZOD
DIURNA(20.00)		-32.160135		11.074074		6.927884		DIURNEZOD
DIURNA(20.00)		-32.141001		10.411491		7.574801		DIURNEZOD
DIURNA(20.00)		-31.219526		9.484560		8.029274		DIURNEZOD
DIURNA(20.00)		-29.298941		8.318655		8.222759		DIURNEZOD
DIURNA(20.00)		-26.288765		6.947251		8.080844		DIURNEZOD
DIURNA(20.00)		-22.105680		5.411585		7.523670		DIURNEZOD
DIURNA(20.00)		-16.674464		3.760280		6.466428		DIURNEZOD
DIURNA(20.00)		-9.928939		2.048925		4.819936		DIURNEZOD
DIURNA(20.00)		-1.812907		0.339598		2.491275		DIURNEZOD
DIURNA(20.00)		7.718950		-1.299682		-0.615495		DIURNEZOD
DIURNA(20.00)		18.700226		-2.795563		-4.598559		DIURNEZOD
* 0 0 DIURNEZOD
DIURNA(23.26)		0.000000		-5.997385		-0.000892		DIURNEZOD
DIURNA(23.26)		-0.152187		-5.995618		-0.000835		DIURNEZOD
DIURNA(23.26)		-0.304223		-5.990291		-0.000676		DIURNEZOD
DIURNA(23.26)		-0.455952		-5.981320		-0.000450		DIURNEZOD
DIURNA(23.26)		-0.607200		-5.968569		-0.000210		DIURNEZOD
DIURNA(23.26)		-0.757775		-5.951849		-0.000035		DIURNEZOD
DIURNA(23.26)		-0.907454		-5.930921		-0.000020		DIURNEZOD
DIURNA(23.26)		-1.055979		-5.905498		-0.000274		DIURNEZOD
DIURNA(23.26)		-1.203052		-5.875249		-0.000925		DIURNEZOD
DIURNA(23.26)		-1.348327		-5.839803		-0.002108		DIURNEZOD
DIURNA(23.26)		-1.491406		-5.798754		-0.003966		DIURNEZOD
DIURNA(23.26)		-1.631832		-5.751660		-0.006646		DIURNEZOD
DIURNA(23.26)		-1.769085		-5.698053		-0.010294		DIURNEZOD
DIURNA(23.26)		-1.902581		-5.637443		-0.015054		DIURNEZOD
DIURNA(23.26)		-2.031659		-5.569316		-0.021058		DIURNEZOD
DIURNA(23.26)		-2.155588		-5.493145		-0.028427		DIURNEZOD
DIURNA(23.26)		-2.273553		-5.408385		-0.037266		DIURNEZOD
DIURNA(23.26)		-2.384653		-5.314481		-0.047658		DIURNEZOD
DIURNA(23.26)		-2.487898		-5.210866		-0.059659		DIURNEZOD
DIURNA(23.26)		-2.582196		-5.096956		-0.073300		DIURNEZOD
DIURNA(23.26)		-2.666347		-4.972152		-0.088578		DIURNEZOD
DIURNA(23.26)		-2.739028		-4.835826		-0.105453		DIURNEZOD
DIURNA(23.26)		-2.798775		-4.687316		-0.123849		DIURNEZOD
DIURNA(23.26)		-2.843960		-4.525904		-0.143645		DIURNEZOD
DIURNA(23.26)		-2.872753		-4.350797		-0.164679		DIURNEZOD
DIURNA(23.26)		-2.883083		-4.161091		-0.186738		DIURNEZOD
DIURNA(23.26)		-2.872568		-3.955729		-0.209560		DIURNEZOD
DIURNA(23.26)		-2.838429		-3.733437		-0.232827		DIURNEZOD
DIURNA(23.26)		-2.777368		-3.492646		-0.256159		DIURNEZOD
DIURNA(23.26)		-2.685396		-3.231376		-0.279105		DIURNEZOD
DIURNA(23.26)		-2.557597		-2.947082		-0.301129		DIURNEZOD
DIURNA(23.26)		-2.387791		-2.636446		-0.321587		DIURNEZOD
DIURNA(23.26)		-2.168062		-2.295090		-0.339691		DIURNEZOD
DIURNA(23.26)		-1.888100		-1.917188		-0.354448		DIURNEZOD
DIURNA(23.26)		-1.534283		-1.494957		-0.364561		DIURNEZOD
DIURNA(23.26)		-1.088452		-1.018014		-0.368276		DIURNEZOD
DIURNA(23.26)		-0.526361		-0.472668		-0.363116		DIURNEZOD
DIURNA(23.26)		0.183976		0.158648		-0.345477		DIURNEZOD
DIURNA(23.26)		1.083398		0.897237		-0.310028		DIURNEZOD
DIURNA(23.26)		2.220574		1.766211		-0.248939		DIURNEZOD
DIURNA(23.26)		3.646383		2.785350		-0.151150		DIURNEZOD
DIURNA(23.26)		5.401782		3.962286		-0.002256		DIURNEZOD
DIURNA(23.26)		7.501457		5.282809		0.214293		DIURNEZOD
DIURNA(23.26)		9.921488		6.706462		0.514485		DIURNEZOD
DIURNA(23.26)		12.598987		8.171518		0.910498		DIURNEZOD
DIURNA(23.26)		15.442735		9.606376		1.408248		DIURNEZOD
DIURNA(23.26)		18.346637		10.940588		2.006314		DIURNEZOD
DIURNA(23.26)		21.199554		12.111583		2.695847		DIURNEZOD
DIURNA(23.26)		23.890306		13.067264		3.460852		DIURNEZOD
DIURNA(23.26)		26.309437		13.766271		4.278482		DIURNEZOD
DIURNA(23.26)		28.349535		14.177375		5.119242		DIURNEZOD
DIURNA(23.26)		29.905140		14.278732		5.947103		DIURNEZOD
DIURNA(23.26)		30.872722		14.057274		6.719575		DIURNEZOD
DIURNA(23.26)		31.150872		13.508283		7.387777		DIURNEZOD
DIURNA(23.26)		30.640717		12.635101		7.896539		DIURNEZOD
DIURNA(23.26)		29.246525		11.448929		8.184538		DIURNEZOD
DIURNA(23.26)		26.876454		9.968670		8.184508		DIURNEZOD
DIURNA(23.26)		23.443400		8.220774		7.823500		DIURNEZOD
DIURNA(23.26)		18.865917		6.239065		7.023220		DIURNEZOD
DIURNA(23.26)		13.069165		4.064524		5.700438		DIURNEZOD
DIURNA(23.26)		5.985877		1.745023		3.767466		DIURNEZOD
DIURNA(23.26)		-2.442687		-0.665010		1.132706		DIURNEZOD
DIURNA(23.26)		-12.265813		-3.104982		-2.298726		DIURNEZOD
DIURNA(23.26)		-23.522451		-5.508599		-6.624323		DIURNEZOD
DIURNA(23.26)		-36.240391		-7.804404		-11.943436		DIURNEZOD
DIURNA(23.26)		-50.435515		-9.916367		-18.356479		DIURNEZOD
* 0 0 DIURNEZOD
DIURNA(23.26)		0.000000		-5.997385		-0.000892		DIURNEZOD
DIURNA(23.26)		0.152187		-5.995618		-0.000835		DIURNEZOD
DIURNA(23.26)		0.304223		-5.990291		-0.000676		DIURNEZOD
DIURNA(23.26)		0.455952		-5.981320		-0.000450		DIURNEZOD
DIURNA(23.26)		0.607200		-5.968569		-0.000210		DIURNEZOD
DIURNA(23.26)		0.757775		-5.951849		-0.000035		DIURNEZOD
DIURNA(23.26)		0.907454		-5.930921		-0.000020		DIURNEZOD
DIURNA(23.26)		1.055979		-5.905498		-0.000274		DIURNEZOD
DIURNA(23.26)		1.203052		-5.875249		-0.000925		DIURNEZOD
DIURNA(23.26)		1.348327		-5.839803		-0.002108		DIURNEZOD
DIURNA(23.26)		1.491406		-5.798754		-0.003966		DIURNEZOD
DIURNA(23.26)		1.631832		-5.751660		-0.006646		DIURNEZOD
DIURNA(23.26)		1.769085		-5.698053		-0.010294		DIURNEZOD
DIURNA(23.26)		1.902581		-5.637443		-0.015054		DIURNEZOD
DIURNA(23.26)		2.031659		-5.569316		-0.021058		DIURNEZOD
DIURNA(23.26)		2.155588		-5.493145		-0.028427		DIURNEZOD
DIURNA(23.26)		2.273553		-5.408385		-0.037266		DIURNEZOD
DIURNA(23.26)		2.384653		-5.314481		-0.047658		DIURNEZOD
DIURNA(23.26)		2.487898		-5.210866		-0.059659		DIURNEZOD
DIURNA(23.26)		2.582196		-5.096956		-0.073300		DIURNEZOD
DIURNA(23.26)		2.666347		-4.972152		-0.088578		DIURNEZOD
DIURNA(23.26)		2.739028		-4.835826		-0.105453		DIURNEZOD
DIURNA(23.26)		2.798775		-4.687316		-0.123849		DIURNEZOD
DIURNA(23.26)		2.843960		-4.525904		-0.143645		DIURNEZOD
DIURNA(23.26)		2.872753		-4.350797		-0.164679		DIURNEZOD
DIURNA(23.26)		2.883083		-4.161091		-0.186738		DIURNEZOD
DIURNA(23.26)		2.872568		-3.955729		-0.209560		DIURNEZOD
DIURNA(23.26)		2.838429		-3.733437		-0.232827		DIURNEZOD
DIURNA(23.26)		2.777368		-3.492646		-0.256159		DIURNEZOD
DIURNA(23.26)		2.685396		-3.231376		-0.279105		DIURNEZOD
DIURNA(23.26)		2.557597		-2.947082		-0.301129		DIURNEZOD
DIURNA(23.26)		2.387791		-2.636446		-0.321587		DIURNEZOD
DIURNA(23.26)		2.168062		-2.295090		-0.339691		DIURNEZOD
DIURNA(23.26)		1.888100		-1.917188		-0.354448		DIURNEZOD
DIURNA(23.26)		1.534283		-1.494957		-0.364561		DIURNEZOD
DIURNA(23.26)		1.088452		-1.018014		-0.368276		DIURNEZOD
DIURNA(23.26)		0.526361		-0.472668		-0.363116		DIURNEZOD
DIURNA(23.26)		-0.183976		0.158648		-0.345477		DIURNEZOD
DIURNA(23.26)		-1.083398		0.897237		-0.310028		DIURNEZOD
DIURNA(23.26)		-2.220574		1.766211		-0.248939		DIURNEZOD
DIURNA(23.26)		-3.646383		2.785350		-0.151150		DIURNEZOD
DIURNA(23.26)		-5.401782		3.962286		-0.002256		DIURNEZOD
DIURNA(23.26)		-7.501457		5.282809		0.214293		DIURNEZOD
DIURNA(23.26)		-9.921488		6.706462		0.514485		DIURNEZOD
DIURNA(23.26)		-12.598987		8.171518		0.910498		DIURNEZOD
DIURNA(23.26)		-15.442735		9.606376		1.408248		DIURNEZOD
DIURNA(23.26)		-18.346637		10.940588		2.006314		DIURNEZOD
DIURNA(23.26)		-21.199554		12.111583		2.695847		DIURNEZOD
DIURNA(23.26)		-23.890306		13.067264		3.460852		DIURNEZOD
DIURNA(23.26)		-26.309437		13.766271		4.278482		DIURNEZOD
DIURNA(23.26)		-28.349535		14.177375		5.119242		DIURNEZOD
DIURNA(23.26)		-29.905140		14.278732		5.947103		DIURNEZOD
DIURNA(23.26)		-30.872722		14.057274		6.719575		DIURNEZOD
DIURNA(23.26)		-31.150872		13.508283		7.387777		DIURNEZOD
DIURNA(23.26)		-30.640717		12.635101		7.896539		DIURNEZOD
DIURNA(23.26)		-29.246525		11.448929		8.184538		DIURNEZOD
DIURNA(23.26)		-26.876454		9.968670		8.184508		DIURNEZOD
DIURNA(23.26)		-23.443400		8.220774		7.823500		DIURNEZOD
DIURNA(23.26)		-18.865917		6.239065		7.023220		DIURNEZOD
DIURNA(23.26)		-13.069165		4.064524		5.700438		DIURNEZOD
DIURNA(23.26)		-5.985877		1.745023		3.767466		DIURNEZOD
DIURNA(23.26)		2.442687		-0.665010		1.132706		DIURNEZOD
DIURNA(23.26)		12.265813		-3.104982		-2.298726		DIURNEZOD
DIURNA(23.26)		23.522451		-5.508599		-6.624323		DIURNEZOD
DIURNA(23.26)		36.240391		-7.804404		-11.943436		DIURNEZOD
DIURNA(23.26)		50.435515		-9.916367		-18.356479		DIURNEZOD
* 0 0 DIURNEZOD
ORAVERA(6.00)		2.645070		0.792091		2.765231		ORARIE
ORAVERA(6.00)		8.411833		2.401582		4.454564		ORARIE
ORAVERA(6.00)		13.580536		3.690466		5.791470		ORARIE
ORAVERA(6.00)		18.145717		4.684965		6.804787		ORARIE
ORAVERA(6.00)		22.105680		5.411585		7.523670		ORARIE
ORAVERA(6.00)		25.462507		5.896954		7.977402		ORARIE
ORAVERA(6.00)		28.222077		6.167651		8.195215		ORARIE
ORAVERA(6.00)		30.394070		6.250038		8.206102		ORARIE
ORAVERA(6.00)		31.991967		6.170099		8.038638		ORARIE
ORAVERA(6.00)		33.033059		5.953276		7.720803		ORARIE
ORAVERA(6.00)		33.538466		5.624307		7.279800		ORARIE
ORAVERA(6.00)		33.533174		5.207071		6.741890		ORARIE
ORAVERA(6.00)		33.046112		4.724432		6.132212		ORARIE
ORAVERA(6.00)		32.110283		4.198084		5.474623		ORARIE
ORAVERA(6.00)		30.762973		3.648395		4.791516		ORARIE
ORAVERA(6.00)		29.046075		3.094245		4.103652		ORARIE
ORAVERA(6.00)		27.006547		2.552856		3.429961		ORARIE
ORAVERA(6.00)		24.697031		2.039592		2.787335		ORARIE
ORAVERA(6.00)		22.176610		1.567726		2.190362		ORARIE
ORAVERA(6.00)		19.511546		1.148149		1.651008		ORARIE
ORAVERA(6.00)		16.775595		0.788999		1.178214		ORARIE
ORAVERA(6.00)		14.049078		0.495220		0.777404		ORARIE
ORAVERA(6.00)		11.415380		0.268120		0.450000		ORARIE
ORAVERA(6.00)		8.953627		0.105118		0.193149		ORARIE
ORAVERA(6.00)		6.727922		-0.000000		0.000000		ORARIE
ORAVERA(6.00)		4.776801		-0.196954		-0.139198		ORARIE
ORAVERA(6.00)		3.108646		-0.354788		-0.235340		ORARIE
ORAVERA(6.00)		1.706008		-0.482865		-0.298712		ORARIE
ORAVERA(6.00)		0.535897		-0.588972		-0.337867		ORARIE
ORAVERA(6.00)		-0.439715		-0.679041		-0.359315		ORARIE
ORAVERA(6.00)		-1.256821		-0.757353		-0.367754		ORARIE
ORAVERA(6.00)		-1.946130		-0.826931		-0.366492		ORARIE
ORAVERA(6.00)		-2.532375		-0.889915		-0.357869		ORARIE
ORAVERA(6.00)		-3.034864		-0.947853		-0.343575		ORARIE
ORAVERA(6.00)		-3.468446		-1.001912		-0.324878		ORARIE
ORAVERA(6.00)		-3.844477		-1.053011		-0.302774		ORARIE
ORAVERA(6.00)		-4.171647		-1.101911		-0.278089		ORARIE
ORAVERA(6.00)		-4.456629		-1.149277		-0.251537		ORARIE
ORAVERA(6.00)		-4.704583		-1.195708		-0.223766		ORARIE
ORAVERA(6.00)		-4.919528		-1.241767		-0.195379		ORARIE
ORAVERA(6.00)		-5.104627		-1.287991		-0.166955		ORARIE
ORAVERA(6.00)		-5.262392		-1.334905		-0.139058		ORARIE
ORAVERA(6.00)		-5.394845		-1.383023		-0.112242		ORARIE
ORAVERA(6.00)		-5.503639		-1.432856		-0.087054		ORARIE
ORAVERA(6.00)		-5.590146		-1.484908		-0.064039		ORARIE
ORAVERA(6.00)		-5.655526		-1.539680		-0.043736		ORARIE
ORAVERA(6.00)		-5.700785		-1.597669		-0.026680		ORARIE
ORAVERA(6.00)		-5.726810		-1.659365		-0.013400		ORARIE
* 0 0 ORARIE
ORAVERA(7.00)		28.931903		14.706318		5.514858		ORARIE
ORAVERA(7.00)		27.820903		13.739537		4.813237		ORARIE
ORAVERA(7.00)		26.343870		12.634988		4.106034		ORARIE
ORAVERA(7.00)		24.542924		11.426655		3.413838		ORARIE
ORAVERA(7.00)		22.466698		10.148789		2.754944		ORARIE
ORAVERA(7.00)		20.171236		8.835975		2.145059		ORARIE
ORAVERA(7.00)		17.720896		7.523124		1.596937		ORARIE
ORAVERA(7.00)		15.188774		6.245203		1.119910		ORARIE
ORAVERA(7.00)		12.655672		5.036355		0.719335		ORARIE
ORAVERA(7.00)		10.206044		3.927940		0.396056		ORARIE
ORAVERA(7.00)		7.919578		2.945273		0.146158		ORARIE
ORAVERA(7.00)		5.859206		2.103712		-0.038551		ORARIE
ORAVERA(7.00)		4.060255		1.406038		-0.169098		ORARIE
ORAVERA(7.00)		2.527091		0.843129		-0.257280		ORARIE
ORAVERA(7.00)		1.239352		0.397913		-0.313786		ORARIE
ORAVERA(7.00)		0.163309		0.050393		-0.347197		ORARIE
ORAVERA(7.00)		-0.737829		-0.218506		-0.363860		ORARIE
ORAVERA(7.00)		-1.497686		-0.425017		-0.368259		ORARIE
ORAVERA(7.00)		-2.144252		-0.582103		-0.363523		ORARIE
ORAVERA(7.00)		-2.699675		-0.699770		-0.351855		ORARIE
ORAVERA(7.00)		-3.181017		-0.785636		-0.334857		ORARIE
ORAVERA(7.00)		-3.601259		-0.845495		-0.313748		ORARIE
ORAVERA(7.00)		-3.970240		-0.883779		-0.289505		ORARIE
ORAVERA(7.00)		-4.295421		-0.903925		-0.262951		ORARIE
ORAVERA(7.00)		-4.582478		-0.908636		-0.234818		ORARIE
ORAVERA(7.00)		-4.835756		-0.900082		-0.205778		ORARIE
ORAVERA(7.00)		-5.058597		-0.880038		-0.176471		ORARIE
ORAVERA(7.00)		-5.253593		-0.849990		-0.147514		ORARIE
ORAVERA(7.00)		-5.422773		-0.811210		-0.119515		ORARIE
ORAVERA(7.00)		-5.567737		-0.764809		-0.093075		ORARIE
ORAVERA(7.00)		-5.689768		-0.711781		-0.068791		ORARIE
ORAVERA(7.00)		-5.789909		-0.653027		-0.047257		ORARIE
ORAVERA(7.00)		-5.869024		-0.589385		-0.029062		ORARIE
ORAVERA(7.00)		-5.927847		-0.521639		-0.014793		ORARIE
ORAVERA(7.00)		-5.967021		-0.450536		-0.005029		ORARIE
ORAVERA(7.00)		-5.987124		-0.376790		-0.000339		ORARIE
ORAVERA(7.00)		-5.988693		-0.301092		-0.001282		ORARIE
ORAVERA(7.00)		-5.972245		-0.224114		-0.008404		ORARIE
ORAVERA(7.00)		-5.938287		-0.146509		-0.022232		ORARIE
ORAVERA(7.00)		-5.887330		-0.068915		-0.043276		ORARIE
ORAVERA(7.00)		-5.819896		-0.008545		-0.072022		ORARIE
ORAVERA(7.00)		-5.736527		-0.091444		-0.108930		ORARIE
ORAVERA(7.00)		-5.637790		-0.177784		-0.154435		ORARIE
ORAVERA(7.00)		-5.524278		-0.268176		-0.208939		ORARIE
ORAVERA(7.00)		-5.396616		-0.363213		-0.272812		ORARIE
ORAVERA(7.00)		-5.255460		-0.463467		-0.346387		ORARIE
ORAVERA(7.00)		-5.101500		-0.569488		-0.429961		ORARIE
ORAVERA(7.00)		-4.935458		-0.681801		-0.523789		ORARIE
* 0 0 ORARIE
ORAVERA(8.00)		4.549700		3.517057		-0.073266		ORARIE
ORAVERA(8.00)		3.009273		2.277755		-0.199625		ORARIE
ORAVERA(8.00)		1.710668		1.267658		-0.281422		ORARIE
ORAVERA(8.00)		0.629567		0.456670		-0.330918		ORARIE
ORAVERA(8.00)		-0.268999		-0.190968		-0.357466		ORARIE
ORAVERA(8.00)		-1.020384		-0.708826		-0.367678		ORARIE
ORAVERA(8.00)		-1.655158		-1.124833		-0.366068		ORARIE
ORAVERA(8.00)		-2.197701		-1.460789		-0.355718		ORARIE
ORAVERA(8.00)		-2.666652		-1.733176		-0.338788		ORARIE
ORAVERA(8.00)		-3.075975		-1.954310		-0.316868		ORARIE
ORAVERA(8.00)		-3.436043		-2.133386		-0.291195		ORARIE
ORAVERA(8.00)		-3.754547		-2.277312		-0.262795		ORARIE
ORAVERA(8.00)		-4.037194		-2.391336		-0.232566		ORARIE
ORAVERA(8.00)		-4.288235		-2.479499		-0.201335		ORARIE
ORAVERA(8.00)		-4.510843		-2.544965		-0.169884		ORARIE
ORAVERA(8.00)		-4.707393		-2.590259		-0.138975		ORARIE
ORAVERA(8.00)		-4.879673		-2.617434		-0.109361		ORARIE
ORAVERA(8.00)		-5.029031		-2.628196		-0.081788		ORARIE
ORAVERA(8.00)		-5.156488		-2.624000		-0.057004		ORARIE
ORAVERA(8.00)		-5.262827		-2.606112		-0.035758		ORARIE
ORAVERA(8.00)		-5.348656		-2.575661		-0.018795		ORARIE
ORAVERA(8.00)		-5.414457		-2.533678		-0.006862		ORARIE
ORAVERA(8.00)		-5.460625		-2.481121		-0.000697		ORARIE
ORAVERA(8.00)		-5.487502		-2.418896		-0.001033		ORARIE
ORAVERA(8.00)		-5.495393		-2.347877		-0.008591		ORARIE
ORAVERA(8.00)		-5.484594		-2.268911		-0.024079		ORARIE
ORAVERA(8.00)		-5.455400		-2.182833		-0.048182		ORARIE
ORAVERA(8.00)		-5.408120		-2.090466		-0.081568		ORARIE
ORAVERA(8.00)		-5.343087		-1.992629		-0.124876		ORARIE
ORAVERA(8.00)		-5.260663		-1.890138		-0.178716		ORARIE
ORAVERA(8.00)		-5.161248		-1.783807		-0.243663		ORARIE
ORAVERA(8.00)		-5.045281		-1.674449		-0.320257		ORARIE
ORAVERA(8.00)		-4.913247		-1.562873		-0.408995		ORARIE
ORAVERA(8.00)		-4.765676		-1.449888		-0.510333		ORARIE
ORAVERA(8.00)		-4.603145		-1.336295		-0.624675		ORARIE
ORAVERA(8.00)		-4.426279		-1.222890		-0.752380		ORARIE
ORAVERA(8.00)		-4.235752		-1.110457		-0.893749		ORARIE
ORAVERA(8.00)		-4.032284		-0.999769		-1.049030		ORARIE
ORAVERA(8.00)		-3.816642		-0.891585		-1.218413		ORARIE
ORAVERA(8.00)		-3.589635		-0.786641		-1.402027		ORARIE
ORAVERA(8.00)		-3.352115		-0.685656		-1.599940		ORARIE
ORAVERA(8.00)		-3.104972		-0.589322		-1.812157		ORARIE
ORAVERA(8.00)		-2.849134		-0.498303		-2.038618		ORARIE
ORAVERA(8.00)		-2.585558		-0.413232		-2.279198		ORARIE
ORAVERA(8.00)		-2.315232		-0.334708		-2.533706		ORARIE
ORAVERA(8.00)		-2.039168		-0.263292		-2.801884		ORARIE
ORAVERA(8.00)		-1.758399		-0.199505		-3.083410		ORARIE
ORAVERA(8.00)		-1.473974		-0.143826		-3.377894		ORARIE
* 0 0 ORARIE
ORAVERA(9.00)		-2.378997		-2.767984		-0.316558		ORARIE
ORAVERA(9.00)		-2.685821		-3.071955		-0.288529		ORARIE
ORAVERA(9.00)		-2.957068		-3.324682		-0.257381		ORARIE
ORAVERA(9.00)		-3.197879		-3.534100		-0.224241		ORARIE
ORAVERA(9.00)		-3.411960		-3.706125		-0.190147		ORARIE
ORAVERA(9.00)		-3.601979		-3.845228		-0.156091		ORARIE
ORAVERA(9.00)		-3.769853		-3.954845		-0.123046		ORARIE
ORAVERA(9.00)		-3.916949		-4.037665		-0.091978		ORARIE
ORAVERA(9.00)		-4.044234		-4.095839		-0.063857		ORARIE
ORAVERA(9.00)		-4.152383		-4.131128		-0.039661		ORARIE
ORAVERA(9.00)		-4.241860		-4.145014		-0.020372		ORARIE
ORAVERA(9.00)		-4.312978		-4.138777		-0.006977		ORARIE
ORAVERA(9.00)		-4.365945		-4.113558		-0.000469		ORARIE
ORAVERA(9.00)		-4.400901		-4.070406		-0.001834		ORARIE
ORAVERA(9.00)		-4.417944		-4.010303		-0.012057		ORARIE
ORAVERA(9.00)		-4.417155		-3.934200		-0.032108		ORARIE
ORAVERA(9.00)		-4.398612		-3.843027		-0.062946		ORARIE
ORAVERA(9.00)		-4.362404		-3.737714		-0.105503		ORARIE
ORAVERA(9.00)		-4.308647		-3.619194		-0.160690		ORARIE
ORAVERA(9.00)		-4.237486		-3.488417		-0.229382		ORARIE
ORAVERA(9.00)		-4.149108		-3.346352		-0.312420		ORARIE
ORAVERA(9.00)		-4.043745		-3.193990		-0.410599		ORARIE
ORAVERA(9.00)		-3.921679		-3.032343		-0.524669		ORARIE
ORAVERA(9.00)		-3.783245		-2.862450		-0.655327		ORARIE
ORAVERA(9.00)		-3.628835		-2.685371		-0.803212		ORARIE
ORAVERA(9.00)		-3.458896		-2.502186		-0.968900		ORARIE
ORAVERA(9.00)		-3.273936		-2.313994		-1.152901		ORARIE
ORAVERA(9.00)		-3.074521		-2.121909		-1.355657		ORARIE
ORAVERA(9.00)		-2.861276		-1.927055		-1.577533		ORARIE
ORAVERA(9.00)		-2.634881		-1.730564		-1.818817		ORARIE
ORAVERA(9.00)		-2.396074		-1.533570		-2.079718		ORARIE
ORAVERA(9.00)		-2.145648		-1.337204		-2.360360		ORARIE
ORAVERA(9.00)		-1.884445		-1.142591		-2.660783		ORARIE
ORAVERA(9.00)		-1.613359		-0.950841		-2.980938		ORARIE
ORAVERA(9.00)		-1.333328		-0.763047		-3.320689		ORARIE
ORAVERA(9.00)		-1.045332		-0.580280		-3.679809		ORARIE
ORAVERA(9.00)		-0.750392		-0.403581		-4.057981		ORARIE
ORAVERA(9.00)		-0.449560		-0.233955		-4.454796		ORARIE
ORAVERA(9.00)		-0.143920		-0.072370		-4.869757		ORARIE
ORAVERA(9.00)		0.165419		0.080251		-5.302275		ORARIE
ORAVERA(9.00)		0.477329		0.223036		-5.751674		ORARIE
ORAVERA(9.00)		0.790667		0.355167		-6.217189		ORARIE
ORAVERA(9.00)		1.104278		0.475886		-6.697973		ORARIE
ORAVERA(9.00)		1.417007		0.584496		-7.193092		ORARIE
ORAVERA(9.00)		1.727698		0.680371		-7.701537		ORARIE
ORAVERA(9.00)		2.035202		0.762956		-8.222219		ORARIE
ORAVERA(9.00)		2.338386		0.831767		-8.753976		ORARIE
ORAVERA(9.00)		2.636133		0.886402		-9.295580		ORARIE
* 0 0 ORARIE
ORAVERA(10.00)		-2.605384		-4.899822		-0.107040		ORARIE
ORAVERA(10.00)		-2.709717		-5.020386		-0.075211		ORARIE
ORAVERA(10.00)		-2.799280		-5.109322		-0.047431		ORARIE
ORAVERA(10.00)		-2.874425		-5.168518		-0.024935		ORARIE
ORAVERA(10.00)		-2.935348		-5.199511		-0.008972		ORARIE
ORAVERA(10.00)		-2.982135		-5.203589		-0.000802		ORARIE
ORAVERA(10.00)		-3.014800		-5.181878		-0.001696		ORARIE
ORAVERA(10.00)		-3.033310		-5.135396		-0.012924		ORARIE
ORAVERA(10.00)		-3.037610		-5.065098		-0.035757		ORARIE
ORAVERA(10.00)		-3.027636		-4.971915		-0.071452		ORARIE
ORAVERA(10.00)		-3.003330		-4.856770		-0.121253		ORARIE
ORAVERA(10.00)		-2.964653		-4.720605		-0.186377		ORARIE
ORAVERA(10.00)		-2.911589		-4.564391		-0.268011		ORARIE
ORAVERA(10.00)		-2.844158		-4.389141		-0.367307		ORARIE
ORAVERA(10.00)		-2.762418		-4.195912		-0.485366		ORARIE
ORAVERA(10.00)		-2.666470		-3.985816		-0.623240		ORARIE
ORAVERA(10.00)		-2.556465		-3.760018		-0.781922		ORARIE
ORAVERA(10.00)		-2.432602		-3.519738		-0.962337		ORARIE
ORAVERA(10.00)		-2.295136		-3.266252		-1.165338		ORARIE
ORAVERA(10.00)		-2.144375		-3.000887		-1.391702		ORARIE
ORAVERA(10.00)		-1.980682		-2.725019		-1.642116		ORARIE
ORAVERA(10.00)		-1.804479		-2.440074		-1.917182		ORARIE
ORAVERA(10.00)		-1.616242		-2.147515		-2.217405		ORARIE
ORAVERA(10.00)		-1.416507		-1.848844		-2.543190		ORARIE
ORAVERA(10.00)		-1.205860		-1.545592		-2.894837		ORARIE
ORAVERA(10.00)		-0.984947		-1.239313		-3.272541		ORARIE
ORAVERA(10.00)		-0.754464		-0.931581		-3.676384		ORARIE
ORAVERA(10.00)		-0.515158		-0.623978		-4.106335		ORARIE
ORAVERA(10.00)		-0.267825		-0.318088		-4.562247		ORARIE
ORAVERA(10.00)		-0.013308		-0.015491		-5.043855		ORARIE
ORAVERA(10.00)		0.247508		0.282245		-5.550776		ORARIE
ORAVERA(10.00)		0.513696		0.573575		-6.082508		ORARIE
ORAVERA(10.00)		0.784295		0.856983		-6.638429		ORARIE
ORAVERA(10.00)		1.058308		1.130988		-7.217801		ORARIE
ORAVERA(10.00)		1.334709		1.394157		-7.819765		ORARIE
ORAVERA(10.00)		1.612450		1.645109		-8.443349		ORARIE
ORAVERA(10.00)		1.890459		1.882526		-9.087469		ORARIE
ORAVERA(10.00)		2.167650		2.105159		-9.750928		ORARIE
ORAVERA(10.00)		2.442924		2.311835		-10.432425		ORARIE
ORAVERA(10.00)		2.715179		2.501467		-11.130554		ORARIE
ORAVERA(10.00)		2.983308		2.673060		-11.843812		ORARIE
ORAVERA(10.00)		3.246211		2.825718		-12.570604		ORARIE
ORAVERA(10.00)		3.502798		2.958651		-13.309245		ORARIE
ORAVERA(10.00)		3.751993		3.071180		-14.057969		ORARIE
ORAVERA(10.00)		3.992745		3.162746		-14.814936		ORARIE
ORAVERA(10.00)		4.224029		3.232912		-15.578236		ORARIE
ORAVERA(10.00)		4.444854		3.281370		-16.345899		ORARIE
ORAVERA(10.00)		4.654273		3.307944		-17.115898		ORARIE
* 0 0 ORARIE
ORAVERA(11.00)		-1.475156		-5.780801		-0.010386		ORARIE
ORAVERA(11.00)		-1.502151		-5.805574		-0.001052		ORARIE
ORAVERA(11.00)		-1.521363		-5.798980		-0.001642		ORARIE
ORAVERA(11.00)		-1.532737		-5.762024		-0.013654		ORARIE
ORAVERA(11.00)		-1.536199		-5.695623		-0.038591		ORARIE
ORAVERA(11.00)		-1.531672		-5.600653		-0.077950		ORARIE
ORAVERA(11.00)		-1.519078		-5.477985		-0.133217		ORARIE
ORAVERA(11.00)		-1.498347		-5.328510		-0.205859		ORARIE
ORAVERA(11.00)		-1.469426		-5.153160		-0.297314		ORARIE
ORAVERA(11.00)		-1.432278		-4.952924		-0.408979		ORARIE
ORAVERA(11.00)		-1.386890		-4.728858		-0.542208		ORARIE
ORAVERA(11.00)		-1.333276		-4.482091		-0.698300		ORARIE
ORAVERA(11.00)		-1.271476		-4.213832		-0.878488		ORARIE
ORAVERA(11.00)		-1.201562		-3.925372		-1.083935		ORARIE
ORAVERA(11.00)		-1.123638		-3.618086		-1.315724		ORARIE
ORAVERA(11.00)		-1.037840		-3.293428		-1.574851		ORARIE
ORAVERA(11.00)		-0.944342		-2.952935		-1.862215		ORARIE
ORAVERA(11.00)		-0.843349		-2.598217		-2.178617		ORARIE
ORAVERA(11.00)		-0.735105		-2.230960		-2.524746		ORARIE
ORAVERA(11.00)		-0.619889		-1.852915		-2.901178		ORARIE
ORAVERA(11.00)		-0.498015		-1.465893		-3.308371		ORARIE
ORAVERA(11.00)		-0.369835		-1.071761		-3.746655		ORARIE
ORAVERA(11.00)		-0.235734		-0.672431		-4.216232		ORARIE
ORAVERA(11.00)		-0.096133		-0.269855		-4.717173		ORARIE
ORAVERA(11.00)		0.048515		0.133985		-5.249410		ORARIE
ORAVERA(11.00)		0.197720		0.537086		-5.812738		ORARIE
ORAVERA(11.00)		0.350966		0.937431		-6.406809		ORARIE
ORAVERA(11.00)		0.507702		1.333000		-7.031137		ORARIE
ORAVERA(11.00)		0.667349		1.721782		-7.685089		ORARIE
ORAVERA(11.00)		0.829303		2.101780		-8.367894		ORARIE
ORAVERA(11.00)		0.992930		2.471022		-9.078636		ORARIE
ORAVERA(11.00)		1.157575		2.827575		-9.816261		ORARIE
ORAVERA(11.00)		1.322560		3.169550		-10.579577		ORARIE
ORAVERA(11.00)		1.487184		3.495115		-11.367258		ORARIE
ORAVERA(11.00)		1.650730		3.802504		-12.177844		ORARIE
ORAVERA(11.00)		1.812463		4.090027		-13.009751		ORARIE
ORAVERA(11.00)		1.971631		4.356079		-13.861272		ORARIE
ORAVERA(11.00)		2.127472		4.599151		-14.730581		ORARIE
ORAVERA(11.00)		2.279210		4.817840		-15.615745		ORARIE
ORAVERA(11.00)		2.426060		5.010854		-16.514724		ORARIE
ORAVERA(11.00)		2.567229		5.177029		-17.425382		ORARIE
ORAVERA(11.00)		2.701915		5.315330		-18.345493		ORARIE
ORAVERA(11.00)		2.829314		5.424866		-19.272753		ORARIE
ORAVERA(11.00)		2.948616		5.504897		-20.204782		ORARIE
ORAVERA(11.00)	0.000000	0.000000	ORARIE
ORAVERA(11.00)	0.000000	0.000000	ORARIE
ORAVERA(11.00)	0.000000	0.000000	ORARIE
ORAVERA(11.00)	0.000000	0.000000	ORARIE
* 0 0 ORARIE
ORAVERA(12.00)		0.000000		-5.999540		-0.000152		ORARIE
ORAVERA(12.00)		0.000000		-5.988683		-0.003956		ORARIE
ORAVERA(12.00)		0.000000		-5.945706		-0.020049		ORARIE
ORAVERA(12.00)		0.000000		-5.871484		-0.050023		ORARIE
ORAVERA(12.00)		0.000000		-5.766859		-0.095465		ORARIE
ORAVERA(12.00)		0.000000		-5.632676		-0.157950		ORARIE
ORAVERA(12.00)		0.000000		-5.469809		-0.239032		ORARIE
ORAVERA(12.00)		0.000000		-5.279183		-0.340233		ORARIE
ORAVERA(12.00)		0.000000		-5.061789		-0.463037		ORARIE
ORAVERA(12.00)		0.000000		-4.818694		-0.608877		ORARIE
ORAVERA(12.00)		0.000000		-4.551051		-0.779129		ORARIE
ORAVERA(12.00)		0.000000		-4.260102		-0.975100		ORARIE
ORAVERA(12.00)		0.000000		-3.947185		-1.198021		ORARIE
ORAVERA(12.00)		0.000000		-3.613727		-1.449040		ORARIE
ORAVERA(12.00)		0.000000		-3.261253		-1.729211		ORARIE
ORAVERA(12.00)		0.000000		-2.891375		-2.039485		ORARIE
ORAVERA(12.00)		0.000000		-2.505797		-2.380707		ORARIE
ORAVERA(12.00)		0.000000		-2.106302		-2.753608		ORARIE
ORAVERA(12.00)		0.000000		-1.694753		-3.158795		ORARIE
ORAVERA(12.00)		0.000000		-1.273084		-3.596748		ORARIE
ORAVERA(12.00)		0.000000		-0.843296		-4.067816		ORARIE
ORAVERA(12.00)		0.000000		-0.407444		-4.572208		ORARIE
ORAVERA(12.00)		0.000000		0.032367		-5.109993		ORARIE
ORAVERA(12.00)		0.000000		0.473990		-5.681096		ORARIE
ORAVERA(12.00)		0.000000		0.915250		-6.285293		ORARIE
ORAVERA(12.00)		0.000000		1.353947		-6.922210		ORARIE
ORAVERA(12.00)		0.000000		1.787870		-7.591324		ORARIE
ORAVERA(12.00)		0.000000		2.214805		-8.291958		ORARIE
ORAVERA(12.00)		0.000000		2.632547		-9.023287		ORARIE
ORAVERA(12.00)		0.000000		3.038908		-9.784332		ORARIE
ORAVERA(12.00)		0.000000		3.431726		-10.573967		ORARIE
ORAVERA(12.00)		0.000000		3.808880		-11.390920		ORARIE
ORAVERA(12.00)		0.000000		4.168295		-12.233775		ORARIE
ORAVERA(12.00)		0.000000		4.507954		-13.100975		ORARIE
ORAVERA(12.00)		0.000000		4.825908		-13.990831		ORARIE
ORAVERA(12.00)		0.000000		5.120284		-14.901521		ORARIE
ORAVERA(12.00)		0.000000		5.389296		-15.831100		ORARIE
ORAVERA(12.00)		0.000000		5.631251		-16.777506		ORARIE
ORAVERA(12.00)		0.000000		5.844561		-17.738565		ORARIE
ORAVERA(12.00)		0.000000		6.027747		-18.712001		ORARIE
ORAVERA(12.00)		0.000000		6.179449		-19.695441		ORARIE
ORAVERA(12.00)	0.000000	0.000000	ORARIE
ORAVERA(12.00)	0.000000	0.000000	ORARIE
ORAVERA(12.00)	0.000000	0.000000	ORARIE
ORAVERA(12.00)	0.000000	0.000000	ORARIE
ORAVERA(12.00)	0.000000	0.000000	ORARIE
ORAVERA(12.00)	0.000000	0.000000	ORARIE
ORAVERA(12.00)	0.000000	0.000000	ORARIE
* 0 0 ORARIE
ORAVERA(13.00)		1.475156		-5.780801		-0.010386		ORARIE
ORAVERA(13.00)		1.502151		-5.805574		-0.001052		ORARIE
ORAVERA(13.00)		1.521363		-5.798980		-0.001642		ORARIE
ORAVERA(13.00)		1.532737		-5.762024		-0.013654		ORARIE
ORAVERA(13.00)		1.536199		-5.695623		-0.038591		ORARIE
ORAVERA(13.00)		1.531672		-5.600653		-0.077950		ORARIE
ORAVERA(13.00)		1.519078		-5.477985		-0.133217		ORARIE
ORAVERA(13.00)		1.498347		-5.328510		-0.205859		ORARIE
ORAVERA(13.00)		1.469426		-5.153160		-0.297314		ORARIE
ORAVERA(13.00)		1.432278		-4.952924		-0.408979		ORARIE
ORAVERA(13.00)		1.386890		-4.728858		-0.542208		ORARIE
ORAVERA(13.00)		1.333276		-4.482091		-0.698300		ORARIE
ORAVERA(13.00)		1.271476		-4.213832		-0.878488		ORARIE
ORAVERA(13.00)		1.201562		-3.925372		-1.083935		ORARIE
ORAVERA(13.00)		1.123638		-3.618086		-1.315724		ORARIE
ORAVERA(13.00)		1.037840		-3.293428		-1.574851		ORARIE
ORAVERA(13.00)		0.944342		-2.952935		-1.862215		ORARIE
ORAVERA(13.00)		0.843349		-2.598217		-2.178617		ORARIE
ORAVERA(13.00)		0.735105		-2.230960		-2.524746		ORARIE
ORAVERA(13.00)		0.619889		-1.852915		-2.901178		ORARIE
ORAVERA(13.00)		0.498015		-1.465893		-3.308371		ORARIE
ORAVERA(13.00)		0.369835		-1.071761		-3.746655		ORARIE
ORAVERA(13.00)		0.235734		-0.672431		-4.216232		ORARIE
ORAVERA(13.00)		0.096133		-0.269855		-4.717173		ORARIE
ORAVERA(13.00)		-0.048515		0.133985		-5.249410		ORARIE
ORAVERA(13.00)		-0.197720		0.537086		-5.812738		ORARIE
ORAVERA(13.00)		-0.350966		0.937431		-6.406809		ORARIE
ORAVERA(13.00)		-0.507702		1.333000		-7.031137		ORARIE
ORAVERA(13.00)		-0.667349		1.721782		-7.685089		ORARIE
ORAVERA(13.00)		-0.829303		2.101780		-8.367894		ORARIE
ORAVERA(13.00)		-0.992930		2.471022		-9.078636		ORARIE
ORAVERA(13.00)		-1.157575		2.827575		-9.816261		ORARIE
ORAVERA(13.00)		-1.322560		3.169550		-10.579577		ORARIE
ORAVERA(13.00)		-1.487184		3.495115		-11.367258		ORARIE
ORAVERA(13.00)		-1.650730		3.802504		-12.177844		ORARIE
ORAVERA(13.00)		-1.812463		4.090027		-13.009751		ORARIE
ORAVERA(13.00)		-1.971631		4.356079		-13.861272		ORARIE
ORAVERA(13.00)		-2.127472		4.599151		-14.730581		ORARIE
ORAVERA(13.00)		-2.279210		4.817840		-15.615745		ORARIE
ORAVERA(13.00)		-2.426060		5.010854		-16.514724		ORARIE
ORAVERA(13.00)		-2.567229		5.177029		-17.425382		ORARIE
ORAVERA(13.00)		-2.701915		5.315330		-18.345493		ORARIE
ORAVERA(13.00)		-2.829314		5.424866		-19.272753		ORARIE
ORAVERA(13.00)		-2.948616		5.504897		-20.204782		ORARIE
ORAVERA(13.00)	0.000000	0.000000	ORARIE
ORAVERA(13.00)	0.000000	0.000000	ORARIE
ORAVERA(13.00)	0.000000	0.000000	ORARIE
ORAVERA(13.00)	0.000000	0.000000	ORARIE
* 0 0 ORARIE
ORAVERA(14.00)		2.605384		-4.899822		-0.107040		ORARIE
ORAVERA(14.00)		2.709717		-5.020386		-0.075211		ORARIE
ORAVERA(14.00)		2.799280		-5.109322		-0.047431		ORARIE
ORAVERA(14.00)		2.874425		-5.168518		-0.024935		ORARIE
ORAVERA(14.00)		2.935348		-5.199511		-0.008972		ORARIE
ORAVERA(14.00)		2.982135		-5.203589		-0.000802		ORARIE
ORAVERA(14.00)		3.014800		-5.181878		-0.001696		ORARIE
ORAVERA(14.00)		3.033310		-5.135396		-0.012924		ORARIE
ORAVERA(14.00)		3.037610		-5.065098		-0.035757		ORARIE
ORAVERA(14.00)		3.027636		-4.971915		-0.071452		ORARIE
ORAVERA(14.00)		3.003330		-4.856770		-0.121253		ORARIE
ORAVERA(14.00)		2.964653		-4.720605		-0.186377		ORARIE
ORAVERA(14.00)		2.911589		-4.564391		-0.268011		ORARIE
ORAVERA(14.00)		2.844158		-4.389141		-0.367307		ORARIE
ORAVERA(14.00)		2.762418		-4.195912		-0.485366		ORARIE
ORAVERA(14.00)		2.666470		-3.985816		-0.623240		ORARIE
ORAVERA(14.00)		2.556465		-3.760018		-0.781922		ORARIE
ORAVERA(14.00)		2.432602		-3.519738		-0.962337		ORARIE
ORAVERA(14.00)		2.295136		-3.266252		-1.165338		ORARIE
ORAVERA(14.00)		2.144375		-3.000887		-1.391702		ORARIE
ORAVERA(14.00)		1.980682		-2.725019		-1.642116		ORARIE
ORAVERA(14.00)		1.804479		-2.440074		-1.917182		ORARIE
ORAVERA(14.00)		1.616242		-2.147515		-2.217405		ORARIE
ORAVERA(14.00)		1.416507		-1.848844		-2.543190		ORARIE
ORAVERA(14.00)		1.205860		-1.545592		-2.894837		ORARIE
ORAVERA(14.00)		0.984947		-1.239313		-3.272541		ORARIE
ORAVERA(14.00)		0.754464		-0.931581		-3.676384		ORARIE
ORAVERA(14.00)		0.515158		-0.623978		-4.106335		ORARIE
ORAVERA(14.00)		0.267825		-0.318088		-4.562247		ORARIE
ORAVERA(14.00)		0.013308		-0.015491		-5.043855		ORARIE
ORAVERA(14.00)		-0.247508		0.282245		-5.550776		ORARIE
ORAVERA(14.00)		-0.513696		0.573575		-6.082508		ORARIE
ORAVERA(14.00)		-0.784295		0.856983		-6.638429		ORARIE
ORAVERA(14.00)		-1.058308		1.130988		-7.217801		ORARIE
ORAVERA(14.00)		-1.334709		1.394157		-7.819765		ORARIE
ORAVERA(14.00)		-1.612450		1.645109		-8.443349		ORARIE
ORAVERA(14.00)		-1.890459		1.882526		-9.087469		ORARIE
ORAVERA(14.00)		-2.167650		2.105159		-9.750928		ORARIE
ORAVERA(14.00)		-2.442924		2.311835		-10.432425		ORARIE
ORAVERA(14.00)		-2.715179		2.501467		-11.130554		ORARIE
ORAVERA(14.00)		-2.983308		2.673060		-11.843812		ORARIE
ORAVERA(14.00)		-3.246211		2.825718		-12.570604		ORARIE
ORAVERA(14.00)		-3.502798		2.958651		-13.309245		ORARIE
ORAVERA(14.00)		-3.751993		3.071180		-14.057969		ORARIE
ORAVERA(14.00)		-3.992745		3.162746		-14.814936		ORARIE
ORAVERA(14.00)		-4.224029		3.232912		-15.578236		ORARIE
ORAVERA(14.00)		-4.444854		3.281370		-16.345899		ORARIE
ORAVERA(14.00)		-4.654273		3.307944		-17.115898		ORARIE
* 0 0 ORARIE
ORAVERA(15.00)		2.378997		-2.767984		-0.316558		ORARIE
ORAVERA(15.00)		2.685821		-3.071955		-0.288529		ORARIE
ORAVERA(15.00)		2.957068		-3.324682		-0.257381		ORARIE
ORAVERA(15.00)		3.197879		-3.534100		-0.224241		ORARIE
ORAVERA(15.00)		3.411960		-3.706125		-0.190147		ORARIE
ORAVERA(15.00)		3.601979		-3.845228		-0.156091		ORARIE
ORAVERA(15.00)		3.769853		-3.954845		-0.123046		ORARIE
ORAVERA(15.00)		3.916949		-4.037665		-0.091978		ORARIE
ORAVERA(15.00)		4.044234		-4.095839		-0.063857		ORARIE
ORAVERA(15.00)		4.152383		-4.131128		-0.039661		ORARIE
ORAVERA(15.00)		4.241860		-4.145014		-0.020372		ORARIE
ORAVERA(15.00)		4.312978		-4.138777		-0.006977		ORARIE
ORAVERA(15.00)		4.365945		-4.113558		-0.000469		ORARIE
ORAVERA(15.00)		4.400901		-4.070406		-0.001834		ORARIE
ORAVERA(15.00)		4.417944		-4.010303		-0.012057		ORARIE
ORAVERA(15.00)		4.417155		-3.934200		-0.032108		ORARIE
ORAVERA(15.00)		4.398612		-3.843027		-0.062946		ORARIE
ORAVERA(15.00)		4.362404		-3.737714		-0.105503		ORARIE
ORAVERA(15.00)		4.308647		-3.619194		-0.160690		ORARIE
ORAVERA(15.00)		4.237486		-3.488417		-0.229382		ORARIE
ORAVERA(15.00)		4.149108		-3.346352		-0.312420		ORARIE
ORAVERA(15.00)		4.043745		-3.193990		-0.410599		ORARIE
ORAVERA(15.00)		3.921679		-3.032343		-0.524669		ORARIE
ORAVERA(15.00)		3.783245		-2.862450		-0.655327		ORARIE
ORAVERA(15.00)		3.628835		-2.685371		-0.803212		ORARIE
ORAVERA(15.00)		3.458896		-2.502186		-0.968900		ORARIE
ORAVERA(15.00)		3.273936		-2.313994		-1.152901		ORARIE
ORAVERA(15.00)		3.074521		-2.121909		-1.355657		ORARIE
ORAVERA(15.00)		2.861276		-1.927055		-1.577533		ORARIE
ORAVERA(15.00)		2.634881		-1.730564		-1.818817		ORARIE
ORAVERA(15.00)		2.396074		-1.533570		-2.079718		ORARIE
ORAVERA(15.00)		2.145648		-1.337204		-2.360360		ORARIE
ORAVERA(15.00)		1.884445		-1.142591		-2.660783		ORARIE
ORAVERA(15.00)		1.613359		-0.950841		-2.980938		ORARIE
ORAVERA(15.00)		1.333328		-0.763047		-3.320689		ORARIE
ORAVERA(15.00)		1.045332		-0.580280		-3.679809		ORARIE
ORAVERA(15.00)		0.750392		-0.403581		-4.057981		ORARIE
ORAVERA(15.00)		0.449560		-0.233955		-4.454796		ORARIE
ORAVERA(15.00)		0.143920		-0.072370		-4.869757		ORARIE
ORAVERA(15.00)		-0.165419		0.080251		-5.302275		ORARIE
ORAVERA(15.00)		-0.477329		0.223036		-5.751674		ORARIE
ORAVERA(15.00)		-0.790667		0.355167		-6.217189		ORARIE
ORAVERA(15.00)		-1.104278		0.475886		-6.697973		ORARIE
ORAVERA(15.00)		-1.417007		0.584496		-7.193092		ORARIE
ORAVERA(15.00)		-1.727698		0.680371		-7.701537		ORARIE
ORAVERA(15.00)		-2.035202		0.762956		-8.222219		ORARIE
ORAVERA(15.00)		-2.338386		0.831767		-8.753976		ORARIE
ORAVERA(15.00)		-2.636133		0.886402		-9.295580		ORARIE
* 0 0 ORARIE
ORAVERA(16.00)		-4.549700		3.517057		-0.073266		ORARIE
ORAVERA(16.00)		-3.009273		2.277755		-0.199625		ORARIE
ORAVERA(16.00)		-1.710668		1.267658		-0.281422		ORARIE
ORAVERA(16.00)		-0.629567		0.456670		-0.330918		ORARIE
ORAVERA(16.00)		0.268999		-0.190968		-0.357466		ORARIE
ORAVERA(16.00)		1.020384		-0.708826		-0.367678		ORARIE
ORAVERA(16.00)		1.655158		-1.124833		-0.366068		ORARIE
ORAVERA(16.00)		2.197701		-1.460789		-0.355718		ORARIE
ORAVERA(16.00)		2.666652		-1.733176		-0.338788		ORARIE
ORAVERA(16.00)		3.075975		-1.954310		-0.316868		ORARIE
ORAVERA(16.00)		3.436043		-2.133386		-0.291195		ORARIE
ORAVERA(16.00)		3.754547		-2.277312		-0.262795		ORARIE
ORAVERA(16.00)		4.037194		-2.391336		-0.232566		ORARIE
ORAVERA(16.00)		4.288235		-2.479499		-0.201335		ORARIE
ORAVERA(16.00)		4.510843		-2.544965		-0.169884		ORARIE
ORAVERA(16.00)		4.707393		-2.590259		-0.138975		ORARIE
ORAVERA(16.00)		4.879673		-2.617434		-0.109361		ORARIE
ORAVERA(16.00)		5.029031		-2.628196		-0.081788		ORARIE
ORAVERA(16.00)		5.156488		-2.624000		-0.057004		ORARIE
ORAVERA(16.00)		5.262827		-2.606112		-0.035758		ORARIE
ORAVERA(16.00)		5.348656		-2.575661		-0.018795		ORARIE
ORAVERA(16.00)		5.414457		-2.533678		-0.006862		ORARIE
ORAVERA(16.00)		5.460625		-2.481121		-0.000697		ORARIE
ORAVERA(16.00)		5.487502		-2.418896		-0.001033		ORARIE
ORAVERA(16.00)		5.495393		-2.347877		-0.008591		ORARIE
ORAVERA(16.00)		5.484594		-2.268911		-0.024079		ORARIE
ORAVERA(16.00)		5.455400		-2.182833		-0.048182		ORARIE
ORAVERA(16.00)		5.408120		-2.090466		-0.081568		ORARIE
ORAVERA(16.00)		5.343087		-1.992629		-0.124876		ORARIE
ORAVERA(16.00)		5.260663		-1.890138		-0.178716		ORARIE
ORAVERA(16.00)		5.161248		-1.783807		-0.243663		ORARIE
ORAVERA(16.00)		5.045281		-1.674449		-0.320257		ORARIE
ORAVERA(16.00)		4.913247		-1.562873		-0.408995		ORARIE
ORAVERA(16.00)		4.765676		-1.449888		-0.510333		ORARIE
ORAVERA(16.00)		4.603145		-1.336295		-0.624675		ORARIE
ORAVERA(16.00)		4.426279		-1.222890		-0.752380		ORARIE
ORAVERA(16.00)		4.235752		-1.110457		-0.893749		ORARIE
ORAVERA(16.00)		4.032284		-0.999769		-1.049030		ORARIE
ORAVERA(16.00)		3.816642		-0.891585		-1.218413		ORARIE
ORAVERA(16.00)		3.589635		-0.786641		-1.402027		ORARIE
ORAVERA(16.00)		3.352115		-0.685656		-1.599940		ORARIE
ORAVERA(16.00)		3.104972		-0.589322		-1.812157		ORARIE
ORAVERA(16.00)		2.849134		-0.498303		-2.038618		ORARIE
ORAVERA(16.00)		2.585558		-0.413232		-2.279198		ORARIE
ORAVERA(16.00)		2.315232		-0.334708		-2.533706		ORARIE
ORAVERA(16.00)		2.039168		-0.263292		-2.801884		ORARIE
ORAVERA(16.00)		1.758399		-0.199505		-3.083410		ORARIE
ORAVERA(16.00)		1.473974		-0.143826		-3.377894		ORARIE
* 0 0 ORARIE
ORAVERA(17.00)		-28.931903		14.706318		5.514858		ORARIE
ORAVERA(17.00)		-27.820903		13.739537		4.813237		ORARIE
ORAVERA(17.00)		-26.343870		12.634988		4.106034		ORARIE
ORAVERA(17.00)		-24.542924		11.426655		3.413838		ORARIE
ORAVERA(17.00)		-22.466698		10.148789		2.754944		ORARIE
ORAVERA(17.00)		-20.171236		8.835975		2.145059		ORARIE
ORAVERA(17.00)		-17.720896		7.523124		1.596937		ORARIE
ORAVERA(17.00)		-15.188774		6.245203		1.119910		ORARIE
ORAVERA(17.00)		-12.655672		5.036355		0.719335		ORARIE
ORAVERA(17.00)		-10.206044		3.927940		0.396056		ORARIE
ORAVERA(17.00)		-7.919578		2.945273		0.146158		ORARIE
ORAVERA(17.00)		-5.859206		2.103712		-0.038551		ORARIE
ORAVERA(17.00)		-4.060255		1.406038		-0.169098		ORARIE
ORAVERA(17.00)		-2.527091		0.843129		-0.257280		ORARIE
ORAVERA(17.00)		-1.239352		0.397913		-0.313786		ORARIE
ORAVERA(17.00)		-0.163309		0.050393		-0.347197		ORARIE
ORAVERA(17.00)		0.737829		-0.218506		-0.363860		ORARIE
ORAVERA(17.00)		1.497686		-0.425017		-0.368259		ORARIE
ORAVERA(17.00)		2.144252		-0.582103		-0.363523		ORARIE
ORAVERA(17.00)		2.699675		-0.699770		-0.351855		ORARIE
ORAVERA(17.00)		3.181017		-0.785636		-0.334857		ORARIE
ORAVERA(17.00)		3.601259		-0.845495		-0.313748		ORARIE
ORAVERA(17.00)		3.970240		-0.883779		-0.289505		ORARIE
ORAVERA(17.00)		4.295421		-0.903925		-0.262951		ORARIE
ORAVERA(17.00)		4.582478		-0.908636		-0.234818		ORARIE
ORAVERA(17.00)		4.835756		-0.900082		-0.205778		ORARIE
ORAVERA(17.00)		5.058597		-0.880038		-0.176471		ORARIE
ORAVERA(17.00)		5.253593		-0.849990		-0.147514		ORARIE
ORAVERA(17.00)		5.422773		-0.811210		-0.119515		ORARIE
ORAVERA(17.00)		5.567737		-0.764809		-0.093075		ORARIE
ORAVERA(17.00)		5.689768		-0.711781		-0.068791		ORARIE
ORAVERA(17.00)		5.789909		-0.653027		-0.047257		ORARIE
ORAVERA(17.00)		5.869024		-0.589385		-0.029062		ORARIE
ORAVERA(17.00)		5.927847		-0.521639		-0.014793		ORARIE
ORAVERA(17.00)		5.967021		-0.450536		-0.005029		ORARIE
ORAVERA(17.00)		5.987124		-0.376790		-0.000339		ORARIE
ORAVERA(17.00)		5.988693		-0.301092		-0.001282		ORARIE
ORAVERA(17.00)		5.972245		-0.224114		-0.008404		ORARIE
ORAVERA(17.00)		5.938287		-0.146509		-0.022232		ORARIE
ORAVERA(17.00)		5.887330		-0.068915		-0.043276		ORARIE
ORAVERA(17.00)		5.819896		-0.008545		-0.072022		ORARIE
ORAVERA(17.00)		5.736527		-0.091444		-0.108930		ORARIE
ORAVERA(17.00)		5.637790		-0.177784		-0.154435		ORARIE
ORAVERA(17.00)		5.524278		-0.268176		-0.208939		ORARIE
ORAVERA(17.00)		5.396616		-0.363213		-0.272812		ORARIE
ORAVERA(17.00)		5.255460		-0.463467		-0.346387		ORARIE
ORAVERA(17.00)		5.101500		-0.569488		-0.429961		ORARIE
ORAVERA(17.00)		4.935458		-0.681801		-0.523789		ORARIE
* 0 0 ORARIE
ORAVERA(18.00)		-2.645070		0.792091		2.765231		ORARIE
ORAVERA(18.00)		-8.411833		2.401582		4.454564		ORARIE
ORAVERA(18.00)		-13.580536		3.690466		5.791470		ORARIE
ORAVERA(18.00)		-18.145717		4.684965		6.804787		ORARIE
ORAVERA(18.00)		-22.105680		5.411585		7.523670		ORARIE
ORAVERA(18.00)		-25.462507		5.896954		7.977402		ORARIE
ORAVERA(18.00)		-28.222077		6.167651		8.195215		ORARIE
ORAVERA(18.00)		-30.394070		6.250038		8.206102		ORARIE
ORAVERA(18.00)		-31.991967		6.170099		8.038638		ORARIE
ORAVERA(18.00)		-33.033059		5.953276		7.720803		ORARIE
ORAVERA(18.00)		-33.538466		5.624307		7.279800		ORARIE
ORAVERA(18.00)		-33.533174		5.207071		6.741890		ORARIE
ORAVERA(18.00)		-33.046112		4.724432		6.132212		ORARIE
ORAVERA(18.00)		-32.110283		4.198084		5.474623		ORARIE
ORAVERA(18.00)		-30.762973		3.648395		4.791516		ORARIE
ORAVERA(18.00)		-29.046075		3.094245		4.103652		ORARIE
ORAVERA(18.00)		-27.006547		2.552856		3.429961		ORARIE
ORAVERA(18.00)		-24.697031		2.039592		2.787335		ORARIE
ORAVERA(18.00)		-22.176610		1.567726		2.190362		ORARIE
ORAVERA(18.00)		-19.511546		1.148149		1.651008		ORARIE
ORAVERA(18.00)		-16.775595		0.788999		1.178214		ORARIE
ORAVERA(18.00)		-14.049078		0.495220		0.777404		ORARIE
ORAVERA(18.00)		-11.415380		0.268120		0.450000		ORARIE
ORAVERA(18.00)		-8.953627		0.105118		0.193149		ORARIE
ORAVERA(18.00)		-6.727922		-0.000000		0.000000		ORARIE
ORAVERA(18.00)		-4.776801		-0.196954		-0.139198		ORARIE
ORAVERA(18.00)		-3.108646		-0.354788		-0.235340		ORARIE
ORAVERA(18.00)		-1.706008		-0.482865		-0.298712		ORARIE
ORAVERA(18.00)		-0.535897		-0.588972		-0.337867		ORARIE
ORAVERA(18.00)		0.439715		-0.679041		-0.359315		ORARIE
ORAVERA(18.00)		1.256821		-0.757353		-0.367754		ORARIE
ORAVERA(18.00)		1.946130		-0.826931		-0.366492		ORARIE
ORAVERA(18.00)		2.532375		-0.889915		-0.357869		ORARIE
ORAVERA(18.00)		3.034864		-0.947853		-0.343575		ORARIE
ORAVERA(18.00)		3.468446		-1.001912		-0.324878		ORARIE
ORAVERA(18.00)		3.844477		-1.053011		-0.302774		ORARIE
ORAVERA(18.00)		4.171647		-1.101911		-0.278089		ORARIE
ORAVERA(18.00)		4.456629		-1.149277		-0.251537		ORARIE
ORAVERA(18.00)		4.704583		-1.195708		-0.223766		ORARIE
ORAVERA(18.00)		4.919528		-1.241767		-0.195379		ORARIE
ORAVERA(18.00)		5.104627		-1.287991		-0.166955		ORARIE
ORAVERA(18.00)		5.262392		-1.334905		-0.139058		ORARIE
ORAVERA(18.00)		5.394845		-1.383023		-0.112242		ORARIE
ORAVERA(18.00)		5.503639		-1.432856		-0.087054		ORARIE
ORAVERA(18.00)		5.590146		-1.484908		-0.064039		ORARIE
ORAVERA(18.00)		5.655526		-1.539680		-0.043736		ORARIE
ORAVERA(18.00)		5.700785		-1.597669		-0.026680		ORARIE
ORAVERA(18.00)		5.726810		-1.659365		-0.013400		ORARIE
* 0 0 ORARIE
